Using pre-set license
Built from '2020.3/release' branch; Version is '2020.3.1f1 (77a89f25062f) revision 7841951'; Using compiler version '192528614'; Build Type 'Release'
OS: 'Windows 10 Home; OS build 22631.3527; Version 2009; 64bit' Language: 'en' Physical Memory: 32104 MB
BatchMode: 1, IsHumanControllingUs: 0, StartBugReporterOnCrash: 0, Is64bit: 1, IsPro: 0

 COMMAND LINE ARGUMENTS:
C:\Program Files\Unity\Hub\Editor\2020.3.1f1\Editor\Unity.exe
-adb2
-batchMode
-noUpm
-name
AssetImportWorker0
-projectPath
C:/Users/Preston/Documents/ZSVR/ZenScape/ZenScape VR Room/Assets
-logFile
Logs/AssetImportWorker0.log
-srvPort
62708
Successfully changed project path to: C:/Users/Preston/Documents/ZSVR/ZenScape/ZenScape VR Room/Assets
C:/Users/Preston/Documents/ZSVR/ZenScape/ZenScape VR Room/Assets
Using Asset Import Pipeline V2.
Refreshing native plugins compatible for Editor in 17.70 ms, found 0 plugins.
Preloading 0 native plugins for Editor in 0.00 ms.
Initialize engine version: 2020.3.1f1 (77a89f25062f)
[Subsystems] Discovering subsystems at path C:/Program Files/Unity/Hub/Editor/2020.3.1f1/Editor/Data/Resources/UnitySubsystems
[Subsystems] Discovering subsystems at path C:/Users/Preston/Documents/ZSVR/ZenScape/ZenScape VR Room/Assets/Assets
GfxDevice: creating device client; threaded=0
Direct3D:
    Version:  Direct3D 11.0 [level 11.1]
    Renderer: NVIDIA GeForce RTX 3070 Laptop GPU (ID=0x24dd)
    Vendor:   
    VRAM:     8020 MB
    Driver:   31.0.15.5123
Initialize mono
Mono path[0] = 'C:/Program Files/Unity/Hub/Editor/2020.3.1f1/Editor/Data/Managed'
Mono path[1] = 'C:/Program Files/Unity/Hub/Editor/2020.3.1f1/Editor/Data/MonoBleedingEdge/lib/mono/unityjit'
Mono config path = 'C:/Program Files/Unity/Hub/Editor/2020.3.1f1/Editor/Data/MonoBleedingEdge/etc'
Using monoOptions --debugger-agent=transport=dt_socket,embedding=1,server=y,suspend=n,address=127.0.0.1:56172
Begin MonoManager ReloadAssembly
Registering precompiled unity dll's ...
Register platform support module: C:/Program Files/Unity/Hub/Editor/2020.3.1f1/Editor/Data/PlaybackEngines/WindowsStandaloneSupport/UnityEditor.WindowsStandalone.Extensions.dll
Registered in 0.001728 seconds.
Native extension for WindowsStandalone target not found
Refreshing native plugins compatible for Editor in 18.42 ms, found 0 plugins.
Preloading 0 native plugins for Editor in 0.00 ms.
Invoked RoslynAnalysisRunner static constructor.
RoslynAnalysisRunner will not be running.
RoslynAnalysisRunner has terminated.
Mono: successfully reloaded assembly
- Completed reload, in  0.855 seconds
Platform modules already initialized, skipping
Registering precompiled user dll's ...
Registered in 0.000607 seconds.
Begin MonoManager ReloadAssembly
Native extension for WindowsStandalone target not found
Refreshing native plugins compatible for Editor in 0.20 ms, found 0 plugins.
Preloading 0 native plugins for Editor in 0.00 ms.
Invoked RoslynAnalysisRunner static constructor.
RoslynAnalysisRunner will not be running.
RoslynAnalysisRunner has terminated.
Mono: successfully reloaded assembly
- Completed reload, in  0.562 seconds
Platform modules already initialized, skipping
========================================================================
Worker process is ready to serve import requests
Launched and connected shader compiler UnityShaderCompiler.exe after 0.04 seconds
Refreshing native plugins compatible for Editor in 0.20 ms, found 0 plugins.
Preloading 0 native plugins for Editor in 0.00 ms.
Unloading 1113 Unused Serialized files (Serialized files now loaded: 0)
System memory in use before: 56.8 MB.
System memory in use after: 56.9 MB.

Unloading 9 unused Assets to reduce memory usage. Loaded Objects now: 1556.
Total: 1.566500 ms (FindLiveObjects: 0.139400 ms CreateObjectMapping: 0.028300 ms MarkObjects: 1.343800 ms  DeleteObjects: 0.054300 ms)

========================================================================
Received Import Request.
  path: Assets/Game Objects/CoffeeMaterial.mat
  artifactKey: Guid(e49805e7e97c1b343ba026ec4251ca26) Importer(815301076,1909f56bfc062723c751e8b465ee728b)
Start importing Assets/Game Objects/CoffeeMaterial.mat using Guid(e49805e7e97c1b343ba026ec4251ca26) Importer(815301076,1909f56bfc062723c751e8b465ee728b)  -> (artifact id: 'd8cf0fc5676253077e52bc6764354d3f') in 0.088736 seconds
  Import took 0.090506 seconds .

========================================================================
Received Import Request.
  Time since last request: 0.000174 seconds.
  path: Assets/Game Objects/Coffee Game.prefab
  artifactKey: Guid(885fedd032f3728478ca549977c523db) Importer(815301076,1909f56bfc062723c751e8b465ee728b)
Start importing Assets/Game Objects/Coffee Game.prefab using Guid(885fedd032f3728478ca549977c523db) Importer(815301076,1909f56bfc062723c751e8b465ee728b)  -> (artifact id: 'c5a77604b99a4088f93bb03108a41989') in 0.027035 seconds
  Import took 0.028700 seconds .

========================================================================
Received Import Request.
  Time since last request: 0.000202 seconds.
  path: Assets/Game Objects
  artifactKey: Guid(754f94793ca78b3499c297bfa176209b) Importer(815301076,1909f56bfc062723c751e8b465ee728b)
Start importing Assets/Game Objects using Guid(754f94793ca78b3499c297bfa176209b) Importer(815301076,1909f56bfc062723c751e8b465ee728b)  -> (artifact id: 'afdadaed0a1100dd8aa9b05ed2d4b573') in 0.008657 seconds
  Import took 0.010431 seconds .

========================================================================
Received Import Request.
  Time since last request: 0.000190 seconds.
  path: Assets/Game Objects/Coffee Mug.prefab
  artifactKey: Guid(5a974f04a951bac4aa3634e0671b6125) Importer(815301076,1909f56bfc062723c751e8b465ee728b)
Start importing Assets/Game Objects/Coffee Mug.prefab using Guid(5a974f04a951bac4aa3634e0671b6125) Importer(815301076,1909f56bfc062723c751e8b465ee728b)  -> (artifact id: '35c0078ac3ef6152c4865fe4d5573e73') in 0.019500 seconds
  Import took 0.021509 seconds .

========================================================================
Received Import Request.
  Time since last request: 4.324439 seconds.
  path: Assets/Game Objects/Distractions
  artifactKey: Guid(5eb1d471456a5324aa1be0275573220a) Importer(815301076,1909f56bfc062723c751e8b465ee728b)
Start importing Assets/Game Objects/Distractions using Guid(5eb1d471456a5324aa1be0275573220a) Importer(815301076,1909f56bfc062723c751e8b465ee728b)  -> (artifact id: '26d07ab3aa84047e4d5249f2940cc7e6') in 0.007997 seconds
  Import took 0.009885 seconds .

========================================================================
Received Import Request.
  Time since last request: 0.580180 seconds.
  path: Assets/Game Objects/Distractions/Alarm_Clock_Event.prefab
  artifactKey: Guid(c41d6ef0541b6014cafdb449b96ba6d0) Importer(815301076,1909f56bfc062723c751e8b465ee728b)
Start importing Assets/Game Objects/Distractions/Alarm_Clock_Event.prefab using Guid(c41d6ef0541b6014cafdb449b96ba6d0) Importer(815301076,1909f56bfc062723c751e8b465ee728b)  -> (artifact id: '440544ad72e36584c564d65f982bbaf2') in 0.008627 seconds
  Import took 0.010588 seconds .

========================================================================
Received Import Request.
  Time since last request: 0.000200 seconds.
  path: Assets/Game Objects/Distractions/Ambulance_Event.prefab
  artifactKey: Guid(ab3880e2f3f12454e898bec2107557c9) Importer(815301076,1909f56bfc062723c751e8b465ee728b)
Start importing Assets/Game Objects/Distractions/Ambulance_Event.prefab using Guid(ab3880e2f3f12454e898bec2107557c9) Importer(815301076,1909f56bfc062723c751e8b465ee728b)  -> (artifact id: 'f8c0d2509deb82608aca6c3e47c33234') in 0.007898 seconds
  Import took 0.009617 seconds .

========================================================================
Received Import Request.
  Time since last request: 0.000203 seconds.
  path: Assets/Game Objects/Distractions/Ambulance 1.prefab
  artifactKey: Guid(e2f62cabb6c79e14a9044a907167412a) Importer(815301076,1909f56bfc062723c751e8b465ee728b)
Start importing Assets/Game Objects/Distractions/Ambulance 1.prefab using Guid(e2f62cabb6c79e14a9044a907167412a) Importer(815301076,1909f56bfc062723c751e8b465ee728b)  -> (artifact id: '1992ec535776a91db3a98f17db7d9126') in 0.017562 seconds
  Import took 0.019363 seconds .

========================================================================
Received Import Request.
  Time since last request: 0.000182 seconds.
  path: Assets/Game Objects/Distractions/Fire_Alarm.prefab
  artifactKey: Guid(40d84cac90721304190ea2b0855a7f75) Importer(815301076,1909f56bfc062723c751e8b465ee728b)
Start importing Assets/Game Objects/Distractions/Fire_Alarm.prefab using Guid(40d84cac90721304190ea2b0855a7f75) Importer(815301076,1909f56bfc062723c751e8b465ee728b)  -> (artifact id: '0c458d212a71fbee12559204b5c649de') in 0.009443 seconds
  Import took 0.010969 seconds .

========================================================================
Received Import Request.
  Time since last request: 0.000179 seconds.
  path: Assets/Game Objects/Distractions/Fan_Buzzing_Event.prefab
  artifactKey: Guid(a95a727f6f7ec5e4fab35d97cd486329) Importer(815301076,1909f56bfc062723c751e8b465ee728b)
Start importing Assets/Game Objects/Distractions/Fan_Buzzing_Event.prefab using Guid(a95a727f6f7ec5e4fab35d97cd486329) Importer(815301076,1909f56bfc062723c751e8b465ee728b)  -> (artifact id: '84dd675ddd99820cbe95251e96e24ad6') in 0.008856 seconds
  Import took 0.010697 seconds .

========================================================================
Received Import Request.
  Time since last request: 0.000166 seconds.
  path: Assets/Game Objects/Distractions/Flickering_Lamp.prefab
  artifactKey: Guid(e9b73c151f931f040969060813f85a79) Importer(815301076,1909f56bfc062723c751e8b465ee728b)
Start importing Assets/Game Objects/Distractions/Flickering_Lamp.prefab using Guid(e9b73c151f931f040969060813f85a79) Importer(815301076,1909f56bfc062723c751e8b465ee728b)  -> (artifact id: '85d0e04537b50121d3989c27f492cdb8') in 0.008938 seconds
  Import took 0.010689 seconds .

========================================================================
Received Import Request.
  Time since last request: 0.000168 seconds.
  path: Assets/Game Objects/Distractions/Ambulance.prefab
  artifactKey: Guid(190d7271b79456d46a9eeec220b2f4f3) Importer(815301076,1909f56bfc062723c751e8b465ee728b)
Start importing Assets/Game Objects/Distractions/Ambulance.prefab using Guid(190d7271b79456d46a9eeec220b2f4f3) Importer(815301076,1909f56bfc062723c751e8b465ee728b)  -> (artifact id: 'd4f067a12f59857c0e82772937752b9d') in 0.012054 seconds
  Import took 0.013612 seconds .

========================================================================
Received Import Request.
  Time since last request: 0.000171 seconds.
  path: Assets/Game Objects/Distractions/Queit_Conversation_Event.prefab
  artifactKey: Guid(5576375eb454c3f41856d1dc5918b6e1) Importer(815301076,1909f56bfc062723c751e8b465ee728b)
Start importing Assets/Game Objects/Distractions/Queit_Conversation_Event.prefab using Guid(5576375eb454c3f41856d1dc5918b6e1) Importer(815301076,1909f56bfc062723c751e8b465ee728b)  -> (artifact id: 'a0504d43dd4d60df861a6a25a8b0a1b3') in 0.008375 seconds
  Import took 0.010195 seconds .

========================================================================
Received Import Request.
  Time since last request: 0.000197 seconds.
  path: Assets/Game Objects/Distractions/TV_Screen.prefab
  artifactKey: Guid(37602c4d032fb7e49a14ef935da7c2ec) Importer(815301076,1909f56bfc062723c751e8b465ee728b)
Start importing Assets/Game Objects/Distractions/TV_Screen.prefab using Guid(37602c4d032fb7e49a14ef935da7c2ec) Importer(815301076,1909f56bfc062723c751e8b465ee728b)  -> (artifact id: '08d478c0a11a3dc8e452b78f6bb16d2b') in 0.012553 seconds
  Import took 0.014516 seconds .

========================================================================
Received Import Request.
  Time since last request: 0.000185 seconds.
  path: Assets/Game Objects/Distractions/Heartbeat_Event.prefab
  artifactKey: Guid(4f1258e78d26da24ba73f10f8f03ec7c) Importer(815301076,1909f56bfc062723c751e8b465ee728b)
Start importing Assets/Game Objects/Distractions/Heartbeat_Event.prefab using Guid(4f1258e78d26da24ba73f10f8f03ec7c) Importer(815301076,1909f56bfc062723c751e8b465ee728b)  -> (artifact id: '78293d8efa9d560159cab8c595eab612') in 0.009410 seconds
  Import took 0.011291 seconds .

========================================================================
Received Prepare
Refreshing native plugins compatible for Editor in 0.69 ms, found 0 plugins.
Preloading 0 native plugins for Editor in 0.00 ms.
Unloading 2 Unused Serialized files (Serialized files now loaded: 0)
System memory in use before: 38.6 MB.
System memory in use after: 38.7 MB.

Unloading 2 unused Assets to reduce memory usage. Loaded Objects now: 1598.
Total: 1.907000 ms (FindLiveObjects: 0.159700 ms CreateObjectMapping: 0.036300 ms MarkObjects: 1.699600 ms  DeleteObjects: 0.010500 ms)

AssetImportWorkerClient::OnTransportError - code=2 error=End of file
