Using pre-set license
Built from '2020.3/release' branch; Version is '2020.3.1f1 (77a89f25062f) revision 7841951'; Using compiler version '192528614'; Build Type 'Release'
OS: 'Windows 10 Pro; OS build 19045.4046; Version 2009; 64bit' Language: 'en' Physical Memory: 32640 MB
BatchMode: 1, IsHumanControllingUs: 0, StartBugReporterOnCrash: 0, Is64bit: 1, IsPro: 0

 COMMAND LINE ARGUMENTS:
C:\Program Files\Unity\Hub\Editor\2020.3.1f1\Editor\Unity.exe
-adb2
-batchMode
-noUpm
-name
AssetImportWorker0
-projectPath
C:/Projects/ZenScape/ZenScape VR Room
-logFile
Logs/AssetImportWorker0.log
-srvPort
51608
Successfully changed project path to: C:/Projects/ZenScape/ZenScape VR Room
C:/Projects/ZenScape/ZenScape VR Room
Using Asset Import Pipeline V2.
Refreshing native plugins compatible for Editor in 111.84 ms, found 8 plugins.
Preloading 1 native plugins for Editor in 1.35 ms.
Initialize engine version: 2020.3.1f1 (77a89f25062f)
[Subsystems] Discovering subsystems at path C:/Program Files/Unity/Hub/Editor/2020.3.1f1/Editor/Data/Resources/UnitySubsystems
[Subsystems] Discovering subsystems at path C:/Projects/ZenScape/ZenScape VR Room/Assets
GfxDevice: creating device client; threaded=0
Direct3D:
    Version:  Direct3D 11.0 [level 11.1]
    Renderer: NVIDIA GeForce GTX 1080 (ID=0x1ba0)
    Vendor:   
    VRAM:     8059 MB
    Driver:   31.0.15.5152
Shader 'Universal Render Pipeline/Particles/Lit': fallback shader 'Universal Render Pipeline/Particles/SimpleLit' not found
Initialize mono
Mono path[0] = 'C:/Program Files/Unity/Hub/Editor/2020.3.1f1/Editor/Data/Managed'
Mono path[1] = 'C:/Program Files/Unity/Hub/Editor/2020.3.1f1/Editor/Data/MonoBleedingEdge/lib/mono/unityjit'
Mono config path = 'C:/Program Files/Unity/Hub/Editor/2020.3.1f1/Editor/Data/MonoBleedingEdge/etc'
Using monoOptions --debugger-agent=transport=dt_socket,embedding=1,server=y,suspend=n,address=127.0.0.1:56336
Begin MonoManager ReloadAssembly
Registering precompiled unity dll's ...
Register platform support module: C:/Program Files/Unity/Hub/Editor/2020.3.1f1/Editor/Data/PlaybackEngines/WindowsStandaloneSupport/UnityEditor.WindowsStandalone.Extensions.dll
Registered in 0.004610 seconds.
Native extension for WindowsStandalone target not found
Refreshing native plugins compatible for Editor in 148.18 ms, found 8 plugins.
Preloading 1 native plugins for Editor in 0.27 ms.
Invoked RoslynAnalysisRunner static constructor.
RoslynAnalysisRunner will not be running.
RoslynAnalysisRunner has terminated.
Mono: successfully reloaded assembly
- Completed reload, in  4.335 seconds
Platform modules already initialized, skipping
Registering precompiled user dll's ...
Registered in 0.010977 seconds.
Begin MonoManager ReloadAssembly
Native extension for WindowsStandalone target not found
Refreshing native plugins compatible for Editor in 92.19 ms, found 8 plugins.
Preloading 1 native plugins for Editor in 0.21 ms.
Invoked RoslynAnalysisRunner static constructor.
RoslynAnalysisRunner will not be running.
RoslynAnalysisRunner has terminated.
[XR] OculusXRPlugin: registering subsystems
[XR] Unable to register display lifecyle provider: [1]
[XR] Oculus Input lifecycle provider registered.
[XR] Unable to register input lifecyle provider: [1]
NullReferenceException: Object reference not set to an instance of an object
  at Unity.XR.Oculus.OculusLoader.AssetPathToAbsolutePath (System.String assetPath) [0x00048] in C:\Projects\ZenScape\ZenScape VR Room\Library\PackageCache\com.unity.xr.oculus@1.8.1\Runtime\OculusLoader.cs:243 
  at Unity.XR.Oculus.OculusLoader.EditorLoadOVRPlugin () [0x0007b] in C:\Projects\ZenScape\ZenScape VR Room\Library\PackageCache\com.unity.xr.oculus@1.8.1\Runtime\OculusLoader.cs:228 

(Filename: Library/PackageCache/com.unity.xr.oculus@1.8.1/Runtime/OculusLoader.cs Line: 243)

Mono: successfully reloaded assembly
- Completed reload, in  1.704 seconds
Platform modules already initialized, skipping
========================================================================
Worker process is ready to serve import requests
Shader 'Universal Render Pipeline/Particles/Lit': fallback shader 'Universal Render Pipeline/Particles/SimpleLit' not found
Launched and connected shader compiler UnityShaderCompiler.exe after 0.14 seconds
Refreshing native plugins compatible for Editor in 0.87 ms, found 8 plugins.
Preloading 1 native plugins for Editor in 0.20 ms.
Unloading 3114 Unused Serialized files (Serialized files now loaded: 0)
System memory in use before: 146.2 MB.
System memory in use after: 145.9 MB.

Unloading 27 unused Assets to reduce memory usage. Loaded Objects now: 3555.
Total: 4.748700 ms (FindLiveObjects: 0.377100 ms CreateObjectMapping: 0.302900 ms MarkObjects: 3.779900 ms  DeleteObjects: 0.256500 ms)

========================================================================
Received Import Request.
  path: Assets/Settings/UniversalRenderPipelineAsset.asset
  artifactKey: Guid(ca51ab8269d7945dd9bbb86c7c9a4ac6) Importer(815301076,1909f56bfc062723c751e8b465ee728b)
Start importing Assets/Settings/UniversalRenderPipelineAsset.asset using Guid(ca51ab8269d7945dd9bbb86c7c9a4ac6) Importer(815301076,1909f56bfc062723c751e8b465ee728b)  -> (artifact id: '45a1709d49ca7a1a47fadf748ea49e04') in 0.051464 seconds
  Import took 0.060226 seconds .

========================================================================
Received Import Request.
  Time since last request: 0.000441 seconds.
  path: Assets/WorldMaterialsFree/Resource Files/CoarseConcrete/CoarseConcrete_ao.png
  artifactKey: Guid(5c6e855b364e0ad43b51c5810fe13d9d) Importer(815301076,1909f56bfc062723c751e8b465ee728b)
Start importing Assets/WorldMaterialsFree/Resource Files/CoarseConcrete/CoarseConcrete_ao.png using Guid(5c6e855b364e0ad43b51c5810fe13d9d) Importer(815301076,1909f56bfc062723c751e8b465ee728b)  -> (artifact id: '253f1a2741f48b5ad48f4c62af2f3bec') in 0.356633 seconds
  Import took 0.364531 seconds .

========================================================================
Received Import Request.
  Time since last request: 0.000427 seconds.
  path: Assets/WorldMaterialsFree/Resource Files/CoarseConcrete/CoarseConcrete_height.png
  artifactKey: Guid(aa9dea029b072b042bf02fc464e0b12f) Importer(815301076,1909f56bfc062723c751e8b465ee728b)
Start importing Assets/WorldMaterialsFree/Resource Files/CoarseConcrete/CoarseConcrete_height.png using Guid(aa9dea029b072b042bf02fc464e0b12f) Importer(815301076,1909f56bfc062723c751e8b465ee728b)  -> (artifact id: '90c94afd88f5ac4f9a606b5a10b47efc') in 0.082943 seconds
  Import took 0.090082 seconds .

========================================================================
Received Import Request.
  Time since last request: 0.000379 seconds.
  path: Assets/WorldMaterialsFree/Resource Files/CoarseConcrete/CoarseConcrete_normal.png
  artifactKey: Guid(539e779cb2e1e6a43b4d905e45ca9c8e) Importer(815301076,1909f56bfc062723c751e8b465ee728b)
Start importing Assets/WorldMaterialsFree/Resource Files/CoarseConcrete/CoarseConcrete_normal.png using Guid(539e779cb2e1e6a43b4d905e45ca9c8e) Importer(815301076,1909f56bfc062723c751e8b465ee728b)  -> (artifact id: '1110e1091efdf1668a2b88710bafd9d2') in 0.083445 seconds
  Import took 0.091517 seconds .

========================================================================
Received Import Request.
  Time since last request: 0.000470 seconds.
  path: Assets/Settings/UniversalRenderPipelineAsset_Renderer.asset
  artifactKey: Guid(d9e88bdd0f5f0462ebf470d8ea4b285e) Importer(815301076,1909f56bfc062723c751e8b465ee728b)
Start importing Assets/Settings/UniversalRenderPipelineAsset_Renderer.asset using Guid(d9e88bdd0f5f0462ebf470d8ea4b285e) Importer(815301076,1909f56bfc062723c751e8b465ee728b)  -> (artifact id: '691868cef9223e0b046c4f8e0ee7292a') in 0.023540 seconds
  Import took 0.032730 seconds .

========================================================================
Received Import Request.
  Time since last request: 0.000387 seconds.
  path: Assets/WorldMaterialsFree/Resource Files/CoarseConcrete/CoarseConcrete_roughness.png
  artifactKey: Guid(6ab6ea3e34b782d42be5cd1886524ee9) Importer(815301076,1909f56bfc062723c751e8b465ee728b)
Start importing Assets/WorldMaterialsFree/Resource Files/CoarseConcrete/CoarseConcrete_roughness.png using Guid(6ab6ea3e34b782d42be5cd1886524ee9) Importer(815301076,1909f56bfc062723c751e8b465ee728b)  -> (artifact id: 'fd6dbaf91c23e4fb35f6d0cb391c91fa') in 0.074635 seconds
  Import took 0.081678 seconds .

========================================================================
Received Import Request.
  Time since last request: 0.000492 seconds.
  path: Assets/WorldMaterialsFree/Resource Files/CoarseConcrete/CoarseConcrete_smoothness.png
  artifactKey: Guid(96cd96eb4f3869c4d89391f3a86de4dd) Importer(815301076,1909f56bfc062723c751e8b465ee728b)
Start importing Assets/WorldMaterialsFree/Resource Files/CoarseConcrete/CoarseConcrete_smoothness.png using Guid(96cd96eb4f3869c4d89391f3a86de4dd) Importer(815301076,1909f56bfc062723c751e8b465ee728b)  -> (artifact id: 'b921c129fc2472fd8eab93a585eb9cd4') in 0.081929 seconds
  Import took 0.088341 seconds .

========================================================================
Received Import Request.
  Time since last request: 0.000508 seconds.
  path: Assets/WorldMaterialsFree/Resource Files/CoarseConcrete/CoarseConcrete_Albedo.png
  artifactKey: Guid(f176ea04b25f35b4b891496779cb59ab) Importer(815301076,1909f56bfc062723c751e8b465ee728b)
Start importing Assets/WorldMaterialsFree/Resource Files/CoarseConcrete/CoarseConcrete_Albedo.png using Guid(f176ea04b25f35b4b891496779cb59ab) Importer(815301076,1909f56bfc062723c751e8b465ee728b)  -> (artifact id: '0ee50ffe083b0a39d227ce51bd5b4d27') in 0.073949 seconds
  Import took 0.080977 seconds .

========================================================================
Received Import Request.
  Time since last request: 0.000374 seconds.
  path: Assets/WorldMaterialsFree/Resource Files/CoarseConcrete/CoarseConcrete_YFliped_normal.png
  artifactKey: Guid(4c7e02e2e8ad4374e838f4b890e2d3c6) Importer(815301076,1909f56bfc062723c751e8b465ee728b)
Start importing Assets/WorldMaterialsFree/Resource Files/CoarseConcrete/CoarseConcrete_YFliped_normal.png using Guid(4c7e02e2e8ad4374e838f4b890e2d3c6) Importer(815301076,1909f56bfc062723c751e8b465ee728b)  -> (artifact id: '284f3ac11a6f5516552a0955c1ac8009') in 0.080541 seconds
  Import took 0.087619 seconds .

========================================================================
Received Import Request.
  Time since last request: 37.850630 seconds.
  path: Assets/Scripts
  artifactKey: Guid(1e02809a4f5dc0a4e83de7fa260b829d) Importer(815301076,1909f56bfc062723c751e8b465ee728b)
Start importing Assets/Scripts using Guid(1e02809a4f5dc0a4e83de7fa260b829d) Importer(815301076,1909f56bfc062723c751e8b465ee728b)  -> (artifact id: '3397693400a3b01694b3cc707568de12') in 0.013345 seconds
  Import took 0.020229 seconds .

========================================================================
Received Import Request.
  Time since last request: 0.005011 seconds.
  path: Assets/Scripts
  artifactKey: Guid(1e02809a4f5dc0a4e83de7fa260b829d) Importer(815301076,1909f56bfc062723c751e8b465ee728b)
Start importing Assets/Scripts using Guid(1e02809a4f5dc0a4e83de7fa260b829d) Importer(815301076,1909f56bfc062723c751e8b465ee728b)  -> (artifact id: '3397693400a3b01694b3cc707568de12') in 0.005110 seconds
  Import took 0.012452 seconds .

========================================================================
Received Import Request.
  Time since last request: 20.458060 seconds.
  path: Assets/Scripts/Timer.cs
  artifactKey: Guid(3f62c6a63fa181847bef91c290fdfdb6) Importer(815301076,1909f56bfc062723c751e8b465ee728b)
Start importing Assets/Scripts/Timer.cs using Guid(3f62c6a63fa181847bef91c290fdfdb6) Importer(815301076,1909f56bfc062723c751e8b465ee728b)  -> (artifact id: '334b17c497c78ea176277d79ea3dec71') in 0.034151 seconds
  Import took 0.043277 seconds .

========================================================================
Received Prepare
Registering precompiled user dll's ...
Registered in 0.010460 seconds.
Begin MonoManager ReloadAssembly
Native extension for WindowsStandalone target not found
Refreshing native plugins compatible for Editor in 0.99 ms, found 8 plugins.
Preloading 1 native plugins for Editor in 0.17 ms.
Invoked RoslynAnalysisRunner static constructor.
RoslynAnalysisRunner will not be running.
RoslynAnalysisRunner has terminated.
NullReferenceException: Object reference not set to an instance of an object
  at Unity.XR.Oculus.OculusLoader.AssetPathToAbsolutePath (System.String assetPath) [0x00048] in C:\Projects\ZenScape\ZenScape VR Room\Library\PackageCache\com.unity.xr.oculus@1.8.1\Runtime\OculusLoader.cs:243 
  at Unity.XR.Oculus.OculusLoader.EditorLoadOVRPlugin () [0x0007b] in C:\Projects\ZenScape\ZenScape VR Room\Library\PackageCache\com.unity.xr.oculus@1.8.1\Runtime\OculusLoader.cs:228 

(Filename: Library/PackageCache/com.unity.xr.oculus@1.8.1/Runtime/OculusLoader.cs Line: 243)

Mono: successfully reloaded assembly
- Completed reload, in  1.996 seconds
Platform modules already initialized, skipping
Switching build target platform(5) subTarget(0) extendedPlatform(0) -> platform(13) subTarget(524288) extendedPlatform(0)
Shader 'Universal Render Pipeline/Particles/Lit': fallback shader 'Universal Render Pipeline/Particles/SimpleLit' not found
Refreshing native plugins compatible for Editor in 1.52 ms, found 8 plugins.
Preloading 1 native plugins for Editor in 0.25 ms.
Unloading 2974 Unused Serialized files (Serialized files now loaded: 0)
System memory in use before: 137.3 MB.
System memory in use after: 137.1 MB.

Unloading 20 unused Assets to reduce memory usage. Loaded Objects now: 3564.
Total: 6.424300 ms (FindLiveObjects: 1.045800 ms CreateObjectMapping: 0.408100 ms MarkObjects: 4.636800 ms  DeleteObjects: 0.330600 ms)

AssetImportParameters requested are different than current active one (requested -> active):
  custom:graphics/normal-map-encoding: 01000000000000000000000000000000 -> 02000000000000000000000000000000
========================================================================
Received Prepare
Registering precompiled user dll's ...
Registered in 0.022788 seconds.
Begin MonoManager ReloadAssembly
Native extension for WindowsStandalone target not found
Refreshing native plugins compatible for Editor in 1.13 ms, found 8 plugins.
Preloading 1 native plugins for Editor in 0.26 ms.
Invoked RoslynAnalysisRunner static constructor.
RoslynAnalysisRunner will not be running.
RoslynAnalysisRunner has terminated.
NullReferenceException: Object reference not set to an instance of an object
  at Unity.XR.Oculus.OculusLoader.AssetPathToAbsolutePath (System.String assetPath) [0x00048] in C:\Projects\ZenScape\ZenScape VR Room\Library\PackageCache\com.unity.xr.oculus@1.8.1\Runtime\OculusLoader.cs:243 
  at Unity.XR.Oculus.OculusLoader.EditorLoadOVRPlugin () [0x0007b] in C:\Projects\ZenScape\ZenScape VR Room\Library\PackageCache\com.unity.xr.oculus@1.8.1\Runtime\OculusLoader.cs:228 

(Filename: Library/PackageCache/com.unity.xr.oculus@1.8.1/Runtime/OculusLoader.cs Line: 243)

Mono: successfully reloaded assembly
- Completed reload, in  1.561 seconds
Platform modules already initialized, skipping
Switching build target platform(5) subTarget(0) extendedPlatform(0) -> platform(13) subTarget(524288) extendedPlatform(0)
Shader 'Universal Render Pipeline/Particles/Lit': fallback shader 'Universal Render Pipeline/Particles/SimpleLit' not found
Refreshing native plugins compatible for Editor in 1.00 ms, found 8 plugins.
Preloading 1 native plugins for Editor in 0.15 ms.
Unloading 2972 Unused Serialized files (Serialized files now loaded: 0)
System memory in use before: 137.3 MB.
System memory in use after: 137.1 MB.

Unloading 20 unused Assets to reduce memory usage. Loaded Objects now: 3568.
Total: 4.143600 ms (FindLiveObjects: 0.392500 ms CreateObjectMapping: 0.287700 ms MarkObjects: 2.846000 ms  DeleteObjects: 0.615600 ms)

AssetImportParameters requested are different than current active one (requested -> active):
  custom:graphics/normal-map-encoding: 01000000000000000000000000000000 -> 02000000000000000000000000000000
========================================================================
Received Import Request.
  Time since last request: 760.627812 seconds.
  path: Assets/nappin/Office Props Softpack
  artifactKey: Guid(840384f76e0ba6143986b2d0c6c50094) Importer(815301076,1909f56bfc062723c751e8b465ee728b)
Start importing Assets/nappin/Office Props Softpack using Guid(840384f76e0ba6143986b2d0c6c50094) Importer(815301076,1909f56bfc062723c751e8b465ee728b)  -> (artifact id: '66bb64d82a71f64a4987d01fbdd8541a') in 0.020332 seconds
  Import took 0.028794 seconds .

========================================================================
Received Import Request.
  Time since last request: 0.077033 seconds.
  path: Assets/nappin/Office Props Softpack/PP.asset
  artifactKey: Guid(b900e86182ac3614cbd2ebc5bc5cd64e) Importer(815301076,1909f56bfc062723c751e8b465ee728b)
Start importing Assets/nappin/Office Props Softpack/PP.asset using Guid(b900e86182ac3614cbd2ebc5bc5cd64e) Importer(815301076,1909f56bfc062723c751e8b465ee728b)  -> (artifact id: '8628b0a2441d3dd3bed9a7fc5b51382f') in 0.019175 seconds
  Import took 0.028370 seconds .

========================================================================
Received Import Request.
  Time since last request: 1.649099 seconds.
  path: Assets/nappin/Office Props Softpack/Models
  artifactKey: Guid(6a642b983faa510488983f38c651038d) Importer(815301076,1909f56bfc062723c751e8b465ee728b)
Start importing Assets/nappin/Office Props Softpack/Models using Guid(6a642b983faa510488983f38c651038d) Importer(815301076,1909f56bfc062723c751e8b465ee728b)  -> (artifact id: '7161439e025c39eeb8624071b96b5fb7') in 0.015308 seconds
  Import took 0.023353 seconds .

========================================================================
Received Import Request.
  Time since last request: 0.081299 seconds.
  path: Assets/nappin/Office Props Softpack/Models/(Msh)BigDrawer.fbx
  artifactKey: Guid(49c0e5468435e4f4c947e2e2d0c5c6cf) Importer(815301076,1909f56bfc062723c751e8b465ee728b)
Start importing Assets/nappin/Office Props Softpack/Models/(Msh)BigDrawer.fbx using Guid(49c0e5468435e4f4c947e2e2d0c5c6cf) Importer(815301076,1909f56bfc062723c751e8b465ee728b)  -> (artifact id: '086ff03ec42a57eb393ee0c4214de89e') in 0.368948 seconds
  Import took 0.378653 seconds .

========================================================================
Received Import Request.
  Time since last request: 0.000385 seconds.
  path: Assets/nappin/Office Props Softpack/Models/(Msh)CoffeTable.fbx
  artifactKey: Guid(586fd122a459a1040aaa87eda129f418) Importer(815301076,1909f56bfc062723c751e8b465ee728b)
Start importing Assets/nappin/Office Props Softpack/Models/(Msh)CoffeTable.fbx using Guid(586fd122a459a1040aaa87eda129f418) Importer(815301076,1909f56bfc062723c751e8b465ee728b)  -> (artifact id: 'b413720d1361543efa71ad8f73e89c6b') in 0.054082 seconds
  Import took 0.062067 seconds .

========================================================================
Received Import Request.
  Time since last request: 0.001422 seconds.
  path: Assets/nappin/Office Props Softpack/Models/(Msh)Shelves3.fbx
  artifactKey: Guid(4a83103d843ef4d43abfd3b25ad47b44) Importer(815301076,1909f56bfc062723c751e8b465ee728b)
Start importing Assets/nappin/Office Props Softpack/Models/(Msh)Shelves3.fbx using Guid(4a83103d843ef4d43abfd3b25ad47b44) Importer(815301076,1909f56bfc062723c751e8b465ee728b)  -> (artifact id: 'c51cf6a5046a81a536eb418e3a875843') in 0.050580 seconds
  Import took 0.059502 seconds .

========================================================================
Received Import Request.
  Time since last request: 0.000532 seconds.
  path: Assets/nappin/Office Props Softpack/Models/(Msh)DocumentHolder.fbx
  artifactKey: Guid(f79a2c7c74ed86945916baca4abd128c) Importer(815301076,1909f56bfc062723c751e8b465ee728b)
Start importing Assets/nappin/Office Props Softpack/Models/(Msh)DocumentHolder.fbx using Guid(f79a2c7c74ed86945916baca4abd128c) Importer(815301076,1909f56bfc062723c751e8b465ee728b)  -> (artifact id: 'e6fa8a488bf7349fac1ffb1f72303d12') in 0.042257 seconds
  Import took 0.051091 seconds .

========================================================================
Received Import Request.
  Time since last request: 0.000365 seconds.
  path: Assets/nappin/Office Props Softpack/Models/(Msh)CeilingLight1.fbx
  artifactKey: Guid(a3391ff75e6a3d847a21fe59dccd4a8a) Importer(815301076,1909f56bfc062723c751e8b465ee728b)
Start importing Assets/nappin/Office Props Softpack/Models/(Msh)CeilingLight1.fbx using Guid(a3391ff75e6a3d847a21fe59dccd4a8a) Importer(815301076,1909f56bfc062723c751e8b465ee728b)  -> (artifact id: '5ad6402473d88cfb021873d002587471') in 0.053018 seconds
  Import took 0.065788 seconds .

========================================================================
Received Import Request.
  Time since last request: 0.000381 seconds.
  path: Assets/nappin/Office Props Softpack/Models/(Msh)CeilingLight2.fbx
  artifactKey: Guid(db6ea0fd984528c49ab939f5eb5d660e) Importer(815301076,1909f56bfc062723c751e8b465ee728b)
Start importing Assets/nappin/Office Props Softpack/Models/(Msh)CeilingLight2.fbx using Guid(db6ea0fd984528c49ab939f5eb5d660e) Importer(815301076,1909f56bfc062723c751e8b465ee728b)  -> (artifact id: '7efd9d0ef627c6bb534ff81381ab2404') in 0.041999 seconds
  Import took 0.048559 seconds .

========================================================================
Received Import Request.
  Time since last request: 0.000298 seconds.
  path: Assets/nappin/Office Props Softpack/Models/(Msh)DeskPlant.fbx
  artifactKey: Guid(3978e0eca0f17684d8cd75e9959471bb) Importer(815301076,1909f56bfc062723c751e8b465ee728b)
Start importing Assets/nappin/Office Props Softpack/Models/(Msh)DeskPlant.fbx using Guid(3978e0eca0f17684d8cd75e9959471bb) Importer(815301076,1909f56bfc062723c751e8b465ee728b)  -> (artifact id: '68ccf9784e4b7a2ea52c3b6cf85c4e5d') in 0.037370 seconds
  Import took 0.045205 seconds .

========================================================================
Received Import Request.
  Time since last request: 0.000393 seconds.
  path: Assets/nappin/Office Props Softpack/Models/(Msh)PlantBox.fbx
  artifactKey: Guid(6a55ccc8cef577442974555021f41a1b) Importer(815301076,1909f56bfc062723c751e8b465ee728b)
Start importing Assets/nappin/Office Props Softpack/Models/(Msh)PlantBox.fbx using Guid(6a55ccc8cef577442974555021f41a1b) Importer(815301076,1909f56bfc062723c751e8b465ee728b)  -> (artifact id: '1cf132d81e982bd63c134cbc6c7ee784') in 0.042947 seconds
  Import took 0.050518 seconds .

========================================================================
Received Import Request.
  Time since last request: 0.000374 seconds.
  path: Assets/nappin/Office Props Softpack/Models/(Msh)Projector.fbx
  artifactKey: Guid(662d757e856cbf044a5037efe162c6f3) Importer(815301076,1909f56bfc062723c751e8b465ee728b)
Start importing Assets/nappin/Office Props Softpack/Models/(Msh)Projector.fbx using Guid(662d757e856cbf044a5037efe162c6f3) Importer(815301076,1909f56bfc062723c751e8b465ee728b)  -> (artifact id: 'f67f53ba2002cba9c19c60e3c201b41d') in 0.048462 seconds
  Import took 0.055509 seconds .

========================================================================
Received Import Request.
  Time since last request: 0.000315 seconds.
  path: Assets/nappin/Office Props Softpack/Models/(Msh)Drawer1.fbx
  artifactKey: Guid(c2433cdade6af034d875648a6e47c001) Importer(815301076,1909f56bfc062723c751e8b465ee728b)
Start importing Assets/nappin/Office Props Softpack/Models/(Msh)Drawer1.fbx using Guid(c2433cdade6af034d875648a6e47c001) Importer(815301076,1909f56bfc062723c751e8b465ee728b)  -> (artifact id: 'af5f3d6906f659476f22a833f1699183') in 0.057614 seconds
  Import took 0.066430 seconds .

========================================================================
Received Import Request.
  Time since last request: 0.000265 seconds.
  path: Assets/nappin/Office Props Softpack/Models/(Msh)PCCase.fbx
  artifactKey: Guid(63434af8d15cb5840a1965b4ee99f420) Importer(815301076,1909f56bfc062723c751e8b465ee728b)
Start importing Assets/nappin/Office Props Softpack/Models/(Msh)PCCase.fbx using Guid(63434af8d15cb5840a1965b4ee99f420) Importer(815301076,1909f56bfc062723c751e8b465ee728b)  -> (artifact id: '17f0f3927cb8d952db67cd42cb8776b8') in 0.043905 seconds
  Import took 0.055751 seconds .

========================================================================
Received Import Request.
  Time since last request: 0.000277 seconds.
  path: Assets/nappin/Office Props Softpack/Models/(Msh)Fatboy.fbx
  artifactKey: Guid(28502d19c68219d44abc46f748d642ea) Importer(815301076,1909f56bfc062723c751e8b465ee728b)
Start importing Assets/nappin/Office Props Softpack/Models/(Msh)Fatboy.fbx using Guid(28502d19c68219d44abc46f748d642ea) Importer(815301076,1909f56bfc062723c751e8b465ee728b)  -> (artifact id: '85e7eacf7f019a1ff1bc9fb3ec402e4e') in 0.050338 seconds
  Import took 0.058028 seconds .

========================================================================
Received Import Request.
  Time since last request: 0.000251 seconds.
  path: Assets/nappin/Office Props Softpack/Models/(Msh)BookPile3.fbx
  artifactKey: Guid(cc31666f2d3c78648838b47abbc333f8) Importer(815301076,1909f56bfc062723c751e8b465ee728b)
Start importing Assets/nappin/Office Props Softpack/Models/(Msh)BookPile3.fbx using Guid(cc31666f2d3c78648838b47abbc333f8) Importer(815301076,1909f56bfc062723c751e8b465ee728b)  -> (artifact id: 'f8587fa7ed52bbf24118ffb0c3da20ac') in 0.142372 seconds
  Import took 0.149330 seconds .

========================================================================
Received Import Request.
  Time since last request: 0.000381 seconds.
  path: Assets/nappin/Office Props Softpack/Models/(Msh)ConferenceTable.fbx
  artifactKey: Guid(1e6adf612247ece438ca7fa180d6e18e) Importer(815301076,1909f56bfc062723c751e8b465ee728b)
Start importing Assets/nappin/Office Props Softpack/Models/(Msh)ConferenceTable.fbx using Guid(1e6adf612247ece438ca7fa180d6e18e) Importer(815301076,1909f56bfc062723c751e8b465ee728b)  -> (artifact id: 'ce64c1530aebe97ea3f8e5954d75cc2b') in 0.042855 seconds
  Import took 0.049846 seconds .

========================================================================
Received Import Request.
  Time since last request: 0.000378 seconds.
  path: Assets/nappin/Office Props Softpack/Models/(Msh)Shelves2.fbx
  artifactKey: Guid(9c2b74f6542c6ff45ac65189228585cb) Importer(815301076,1909f56bfc062723c751e8b465ee728b)
Start importing Assets/nappin/Office Props Softpack/Models/(Msh)Shelves2.fbx using Guid(9c2b74f6542c6ff45ac65189228585cb) Importer(815301076,1909f56bfc062723c751e8b465ee728b)  -> (artifact id: 'fce2f82a801f8ba00c8303828e659998') in 0.052385 seconds
  Import took 0.063267 seconds .

========================================================================
Received Import Request.
  Time since last request: 0.000307 seconds.
  path: Assets/nappin/Office Props Softpack/Models/(Msh)BookPile1.fbx
  artifactKey: Guid(a271b7bf9ed385c42928c5c8b77e1053) Importer(815301076,1909f56bfc062723c751e8b465ee728b)
Start importing Assets/nappin/Office Props Softpack/Models/(Msh)BookPile1.fbx using Guid(a271b7bf9ed385c42928c5c8b77e1053) Importer(815301076,1909f56bfc062723c751e8b465ee728b)  -> (artifact id: '8d79043f785b894641de736e49db57bc') in 0.045159 seconds
  Import took 0.053581 seconds .

========================================================================
Received Import Request.
  Time since last request: 0.000371 seconds.
  path: Assets/nappin/Office Props Softpack/Models/(Msh)SeparatorDoor.fbx
  artifactKey: Guid(1fefd438eeac9ee4f82ea1039559dbcb) Importer(815301076,1909f56bfc062723c751e8b465ee728b)
Start importing Assets/nappin/Office Props Softpack/Models/(Msh)SeparatorDoor.fbx using Guid(1fefd438eeac9ee4f82ea1039559dbcb) Importer(815301076,1909f56bfc062723c751e8b465ee728b)  -> (artifact id: 'f13383e3a0d5060838d07c9edcf171e1') in 0.055977 seconds
  Import took 0.066042 seconds .

========================================================================
Received Import Request.
  Time since last request: 0.000258 seconds.
  path: Assets/nappin/Office Props Softpack/Models/(Msh)Microwave.fbx
  artifactKey: Guid(f9bb1fe475c1d144cb7676c5b119fbfe) Importer(815301076,1909f56bfc062723c751e8b465ee728b)
Start importing Assets/nappin/Office Props Softpack/Models/(Msh)Microwave.fbx using Guid(f9bb1fe475c1d144cb7676c5b119fbfe) Importer(815301076,1909f56bfc062723c751e8b465ee728b)  -> (artifact id: '92cf4b68e5c49dfd88e431ae648fbeb6') in 0.038554 seconds
  Import took 0.047169 seconds .

========================================================================
Received Import Request.
  Time since last request: 0.000256 seconds.
  path: Assets/nappin/Office Props Softpack/Models/(Msh)Mug.fbx
  artifactKey: Guid(d283a93eb62894849b3a3aea9ca0c8fb) Importer(815301076,1909f56bfc062723c751e8b465ee728b)
Start importing Assets/nappin/Office Props Softpack/Models/(Msh)Mug.fbx using Guid(d283a93eb62894849b3a3aea9ca0c8fb) Importer(815301076,1909f56bfc062723c751e8b465ee728b)  -> (artifact id: '5c9d94e1e59d5140dc63aa6ca24b11b6') in 0.043405 seconds
  Import took 0.049630 seconds .

========================================================================
Received Import Request.
  Time since last request: 0.000342 seconds.
  path: Assets/nappin/Office Props Softpack/Models/(Msh)Sofa1.fbx
  artifactKey: Guid(26b7a36227bffc347bb1b7276bd65892) Importer(815301076,1909f56bfc062723c751e8b465ee728b)
Start importing Assets/nappin/Office Props Softpack/Models/(Msh)Sofa1.fbx using Guid(26b7a36227bffc347bb1b7276bd65892) Importer(815301076,1909f56bfc062723c751e8b465ee728b)  -> (artifact id: '43d9b7e2ca67d58e613172be1185d93b') in 0.048614 seconds
  Import took 0.055291 seconds .

========================================================================
Received Import Request.
  Time since last request: 0.000558 seconds.
  path: Assets/nappin/Office Props Softpack/Models/(Msh)DeskLight.fbx
  artifactKey: Guid(6742d9d0591e16e48b701a5fd806e2ad) Importer(815301076,1909f56bfc062723c751e8b465ee728b)
Start importing Assets/nappin/Office Props Softpack/Models/(Msh)DeskLight.fbx using Guid(6742d9d0591e16e48b701a5fd806e2ad) Importer(815301076,1909f56bfc062723c751e8b465ee728b)  -> (artifact id: '6f3b507c0e735b98dacfcb2715eb3ecf') in 0.059330 seconds
  Import took 0.069056 seconds .

========================================================================
Received Import Request.
  Time since last request: 0.000237 seconds.
  path: Assets/nappin/Office Props Softpack/Models/(Msh)WaterDispenser.fbx
  artifactKey: Guid(d31ae3b3f8108284bba44064ed9dff1c) Importer(815301076,1909f56bfc062723c751e8b465ee728b)
Start importing Assets/nappin/Office Props Softpack/Models/(Msh)WaterDispenser.fbx using Guid(d31ae3b3f8108284bba44064ed9dff1c) Importer(815301076,1909f56bfc062723c751e8b465ee728b)  -> (artifact id: '4aea74f080c201d5fb5027c931a80242') in 0.044219 seconds
  Import took 0.051903 seconds .

========================================================================
Received Import Request.
  Time since last request: 0.000360 seconds.
  path: Assets/nappin/Office Props Softpack/Models/(Msh)DeskPrinter.fbx
  artifactKey: Guid(92df708222820ea4ea7635007b379d57) Importer(815301076,1909f56bfc062723c751e8b465ee728b)
Start importing Assets/nappin/Office Props Softpack/Models/(Msh)DeskPrinter.fbx using Guid(92df708222820ea4ea7635007b379d57) Importer(815301076,1909f56bfc062723c751e8b465ee728b)  -> (artifact id: '326e69de665651a67fea334a8cd0030f') in 0.047650 seconds
  Import took 0.053669 seconds .

========================================================================
Received Import Request.
  Time since last request: 0.000440 seconds.
  path: Assets/nappin/Office Props Softpack/Models/(Msh)CeilingFan.fbx
  artifactKey: Guid(b8382dad890a52e499e640be2fba6e18) Importer(815301076,1909f56bfc062723c751e8b465ee728b)
Start importing Assets/nappin/Office Props Softpack/Models/(Msh)CeilingFan.fbx using Guid(b8382dad890a52e499e640be2fba6e18) Importer(815301076,1909f56bfc062723c751e8b465ee728b)  -> (artifact id: '0407417f8de687660dca4ad1a5a27335') in 0.049147 seconds
  Import took 0.058196 seconds .

========================================================================
Received Import Request.
  Time since last request: 0.000296 seconds.
  path: Assets/nappin/Office Props Softpack/Models/(Msh)Desk1.fbx
  artifactKey: Guid(aa1df8bdfe3b61943a5cbb2344613612) Importer(815301076,1909f56bfc062723c751e8b465ee728b)
Start importing Assets/nappin/Office Props Softpack/Models/(Msh)Desk1.fbx using Guid(aa1df8bdfe3b61943a5cbb2344613612) Importer(815301076,1909f56bfc062723c751e8b465ee728b)  -> (artifact id: '43b64c6889ae607a7cb3cf568a992fe0') in 0.038099 seconds
  Import took 0.046563 seconds .

========================================================================
Received Import Request.
  Time since last request: 0.001045 seconds.
  path: Assets/nappin/Office Props Softpack/Models/(Msh)KitchenModule.fbx
  artifactKey: Guid(4339f93ff4f1c4f4ca6000d384de14bd) Importer(815301076,1909f56bfc062723c751e8b465ee728b)
Start importing Assets/nappin/Office Props Softpack/Models/(Msh)KitchenModule.fbx using Guid(4339f93ff4f1c4f4ca6000d384de14bd) Importer(815301076,1909f56bfc062723c751e8b465ee728b)  -> (artifact id: '025710215daff4041a1d624120523eed') in 0.050847 seconds
  Import took 0.057977 seconds .

========================================================================
Received Import Request.
  Time since last request: 0.000254 seconds.
  path: Assets/nappin/Office Props Softpack/Models/(Msh)YogaBall.fbx
  artifactKey: Guid(ecce3f1d808befa47abc1b334d5016f8) Importer(815301076,1909f56bfc062723c751e8b465ee728b)
Start importing Assets/nappin/Office Props Softpack/Models/(Msh)YogaBall.fbx using Guid(ecce3f1d808befa47abc1b334d5016f8) Importer(815301076,1909f56bfc062723c751e8b465ee728b)  -> (artifact id: '118d209b0d5ba0c6375f710b73def35a') in 0.040587 seconds
  Import took 0.048221 seconds .

========================================================================
Received Import Request.
  Time since last request: 0.000255 seconds.
  path: Assets/nappin/Office Props Softpack/Models/(Msh)BookPile5.fbx
  artifactKey: Guid(d30e7e864c6f0f44fa1d73fa877e268f) Importer(815301076,1909f56bfc062723c751e8b465ee728b)
Start importing Assets/nappin/Office Props Softpack/Models/(Msh)BookPile5.fbx using Guid(d30e7e864c6f0f44fa1d73fa877e268f) Importer(815301076,1909f56bfc062723c751e8b465ee728b)  -> (artifact id: '5f2300a4e6d1610ebc004250a844c010') in 0.150539 seconds
  Import took 0.156724 seconds .

========================================================================
Received Import Request.
  Time since last request: 0.000369 seconds.
  path: Assets/nappin/Office Props Softpack/Models/(Msh)Plant1.fbx
  artifactKey: Guid(7b03297d5fa5a384aa16d9aabd94ff93) Importer(815301076,1909f56bfc062723c751e8b465ee728b)
Start importing Assets/nappin/Office Props Softpack/Models/(Msh)Plant1.fbx using Guid(7b03297d5fa5a384aa16d9aabd94ff93) Importer(815301076,1909f56bfc062723c751e8b465ee728b)  -> (artifact id: '2c24d9020c724e247f4dec58d0c24911') in 0.059430 seconds
  Import took 0.067247 seconds .

========================================================================
Received Import Request.
  Time since last request: 0.000532 seconds.
  path: Assets/nappin/Office Props Softpack/Models/(Msh)Sofa2.fbx
  artifactKey: Guid(b2ea3a81a047dab439905bfb53997287) Importer(815301076,1909f56bfc062723c751e8b465ee728b)
Start importing Assets/nappin/Office Props Softpack/Models/(Msh)Sofa2.fbx using Guid(b2ea3a81a047dab439905bfb53997287) Importer(815301076,1909f56bfc062723c751e8b465ee728b)  -> (artifact id: '018f764e5e59708fbe21ef46af2e70f3') in 0.062415 seconds
  Import took 0.074575 seconds .

========================================================================
Received Import Request.
  Time since last request: 0.000305 seconds.
  path: Assets/nappin/Office Props Softpack/Models/(Msh)BookOpen.fbx
  artifactKey: Guid(f99126b2de167a44f84adc255bb688c5) Importer(815301076,1909f56bfc062723c751e8b465ee728b)
Start importing Assets/nappin/Office Props Softpack/Models/(Msh)BookOpen.fbx using Guid(f99126b2de167a44f84adc255bb688c5) Importer(815301076,1909f56bfc062723c751e8b465ee728b)  -> (artifact id: 'd87b726088b817b41b7e8897bf87254f') in 0.040792 seconds
  Import took 0.051304 seconds .

========================================================================
Received Import Request.
  Time since last request: 0.000258 seconds.
  path: Assets/nappin/Office Props Softpack/Models/(Msh)BookPile2.fbx
  artifactKey: Guid(cd6f234e68e2c5545a2b10a72f898445) Importer(815301076,1909f56bfc062723c751e8b465ee728b)
Start importing Assets/nappin/Office Props Softpack/Models/(Msh)BookPile2.fbx using Guid(cd6f234e68e2c5545a2b10a72f898445) Importer(815301076,1909f56bfc062723c751e8b465ee728b)  -> (artifact id: '1edc827eaf8ca7af989eaec87aff89b7') in 0.100797 seconds
  Import took 0.109377 seconds .

========================================================================
Received Import Request.
  Time since last request: 0.000271 seconds.
  path: Assets/nappin/Office Props Softpack/Models/(Msh)Separator.fbx
  artifactKey: Guid(b4770c72ef9ca574a8fc2f08b8e7cb17) Importer(815301076,1909f56bfc062723c751e8b465ee728b)
Start importing Assets/nappin/Office Props Softpack/Models/(Msh)Separator.fbx using Guid(b4770c72ef9ca574a8fc2f08b8e7cb17) Importer(815301076,1909f56bfc062723c751e8b465ee728b)  -> (artifact id: '22c91125d7918ddc1934621b0931903d') in 0.051271 seconds
  Import took 0.059536 seconds .

========================================================================
Received Import Request.
  Time since last request: 0.000351 seconds.
  path: Assets/nappin/Office Props Softpack/Models/(Msh)Drawer2.fbx
  artifactKey: Guid(cf1dfec5e0b6df84697e78615469e93b) Importer(815301076,1909f56bfc062723c751e8b465ee728b)
Start importing Assets/nappin/Office Props Softpack/Models/(Msh)Drawer2.fbx using Guid(cf1dfec5e0b6df84697e78615469e93b) Importer(815301076,1909f56bfc062723c751e8b465ee728b)  -> (artifact id: '739570e60f66d84286bab01d8659012d') in 0.054234 seconds
  Import took 0.062175 seconds .

========================================================================
Received Import Request.
  Time since last request: 0.000253 seconds.
  path: Assets/nappin/Office Props Softpack/Models/(Msh)CoffePot.fbx
  artifactKey: Guid(77936498f95548e4f81bd32e9a802098) Importer(815301076,1909f56bfc062723c751e8b465ee728b)
Start importing Assets/nappin/Office Props Softpack/Models/(Msh)CoffePot.fbx using Guid(77936498f95548e4f81bd32e9a802098) Importer(815301076,1909f56bfc062723c751e8b465ee728b)  -> (artifact id: '2aa2e5725c6a0d005dacec104d8aabd9') in 0.047056 seconds
  Import took 0.053826 seconds .

========================================================================
Received Import Request.
  Time since last request: 0.000278 seconds.
  path: Assets/nappin/Office Props Softpack/Models/(Msh)Plant2.fbx
  artifactKey: Guid(53a390c2e7417fc4881f4a9c5cc4078a) Importer(815301076,1909f56bfc062723c751e8b465ee728b)
Start importing Assets/nappin/Office Props Softpack/Models/(Msh)Plant2.fbx using Guid(53a390c2e7417fc4881f4a9c5cc4078a) Importer(815301076,1909f56bfc062723c751e8b465ee728b)  -> (artifact id: '6b5cf4fc39500276da38ef465422b95c') in 0.050632 seconds
  Import took 0.059159 seconds .

========================================================================
Received Import Request.
  Time since last request: 0.000351 seconds.
  path: Assets/nappin/Office Props Softpack/Models/(Msh)Window.fbx
  artifactKey: Guid(d0c678f5c21191e4aadd685b22906f70) Importer(815301076,1909f56bfc062723c751e8b465ee728b)
Start importing Assets/nappin/Office Props Softpack/Models/(Msh)Window.fbx using Guid(d0c678f5c21191e4aadd685b22906f70) Importer(815301076,1909f56bfc062723c751e8b465ee728b)  -> (artifact id: '207b8ddb775e78742c14c879117013e6') in 0.052340 seconds
  Import took 0.061700 seconds .

========================================================================
Received Import Request.
  Time since last request: 0.000619 seconds.
  path: Assets/nappin/Office Props Softpack/Models/(Msh)Shelves1.fbx
  artifactKey: Guid(cab363a401b518845bbac7b1c89c7a23) Importer(815301076,1909f56bfc062723c751e8b465ee728b)
Start importing Assets/nappin/Office Props Softpack/Models/(Msh)Shelves1.fbx using Guid(cab363a401b518845bbac7b1c89c7a23) Importer(815301076,1909f56bfc062723c751e8b465ee728b)  -> (artifact id: 'a739d07e2971bc6bda8b294c774488cf') in 0.045662 seconds
  Import took 0.053150 seconds .

========================================================================
Received Import Request.
  Time since last request: 0.000309 seconds.
  path: Assets/nappin/Office Props Softpack/Models/(Msh)BookPile7.fbx
  artifactKey: Guid(74ced1ff4cc446444b88042df966c736) Importer(815301076,1909f56bfc062723c751e8b465ee728b)
Start importing Assets/nappin/Office Props Softpack/Models/(Msh)BookPile7.fbx using Guid(74ced1ff4cc446444b88042df966c736) Importer(815301076,1909f56bfc062723c751e8b465ee728b)  -> (artifact id: '59d10da08d5dbf9df64b87a24e2f2211') in 0.306073 seconds
  Import took 0.314686 seconds .

========================================================================
Received Import Request.
  Time since last request: 0.000274 seconds.
  path: Assets/nappin/Office Props Softpack/Models/(Msh)SmokeDetector.fbx
  artifactKey: Guid(301abaee6ba74544ab12d31480dcbb27) Importer(815301076,1909f56bfc062723c751e8b465ee728b)
Start importing Assets/nappin/Office Props Softpack/Models/(Msh)SmokeDetector.fbx using Guid(301abaee6ba74544ab12d31480dcbb27) Importer(815301076,1909f56bfc062723c751e8b465ee728b)  -> (artifact id: '5c339c54d8a9913dd41e9fb0f266a7ff') in 0.039785 seconds
  Import took 0.048685 seconds .

========================================================================
Received Import Request.
  Time since last request: 0.000340 seconds.
  path: Assets/nappin/Office Props Softpack/Models/(Msh)Stapler.fbx
  artifactKey: Guid(dfe416dbdccccb0449425356461d7c67) Importer(815301076,1909f56bfc062723c751e8b465ee728b)
Start importing Assets/nappin/Office Props Softpack/Models/(Msh)Stapler.fbx using Guid(dfe416dbdccccb0449425356461d7c67) Importer(815301076,1909f56bfc062723c751e8b465ee728b)  -> (artifact id: '8945dc7c008ec1fd661ca9835e26b448') in 0.050539 seconds
  Import took 0.058668 seconds .

========================================================================
Received Import Request.
  Time since last request: 0.000344 seconds.
  path: Assets/nappin/Office Props Softpack/Models/(Msh)LoungeChair.fbx
  artifactKey: Guid(d0f06f9715b791a4596af29b5bbb56d0) Importer(815301076,1909f56bfc062723c751e8b465ee728b)
Start importing Assets/nappin/Office Props Softpack/Models/(Msh)LoungeChair.fbx using Guid(d0f06f9715b791a4596af29b5bbb56d0) Importer(815301076,1909f56bfc062723c751e8b465ee728b)  -> (artifact id: '5bd73256ecec9b8f7bdbde5df4c222c0') in 0.046226 seconds
  Import took 0.055646 seconds .

========================================================================
Received Import Request.
  Time since last request: 0.000547 seconds.
  path: Assets/nappin/Office Props Softpack/Models/(Msh)Printer.fbx
  artifactKey: Guid(2f30491044634fa4d8b267131f5216fe) Importer(815301076,1909f56bfc062723c751e8b465ee728b)
Start importing Assets/nappin/Office Props Softpack/Models/(Msh)Printer.fbx using Guid(2f30491044634fa4d8b267131f5216fe) Importer(815301076,1909f56bfc062723c751e8b465ee728b)  -> (artifact id: 'e2d89a7f78056ac249291a7a60a62874') in 0.044958 seconds
  Import took 0.051902 seconds .

========================================================================
Received Import Request.
  Time since last request: 0.000336 seconds.
  path: Assets/nappin/Office Props Softpack/Models/(Msh)TrashCan.fbx
  artifactKey: Guid(b9f59c5a0fa9eec4698152c59791ae76) Importer(815301076,1909f56bfc062723c751e8b465ee728b)
Start importing Assets/nappin/Office Props Softpack/Models/(Msh)TrashCan.fbx using Guid(b9f59c5a0fa9eec4698152c59791ae76) Importer(815301076,1909f56bfc062723c751e8b465ee728b)  -> (artifact id: 'a406778d9934b434f02d0453547c693a') in 0.054923 seconds
  Import took 0.062620 seconds .

========================================================================
Received Import Request.
  Time since last request: 0.000359 seconds.
  path: Assets/nappin/Office Props Softpack/Models/(Msh)Sofa3.fbx
  artifactKey: Guid(a2926ab1cfa2245478d20ad4f0331477) Importer(815301076,1909f56bfc062723c751e8b465ee728b)
Start importing Assets/nappin/Office Props Softpack/Models/(Msh)Sofa3.fbx using Guid(a2926ab1cfa2245478d20ad4f0331477) Importer(815301076,1909f56bfc062723c751e8b465ee728b)  -> (artifact id: '25463b31c2eccaac8b3a8ca3ed0379e6') in 0.037418 seconds
  Import took 0.044456 seconds .

========================================================================
Received Import Request.
  Time since last request: 0.000195 seconds.
  path: Assets/nappin/Office Props Softpack/Models/(Msh)PC.fbx
  artifactKey: Guid(18566a61b75973749b7a37b617d7fa4b) Importer(815301076,1909f56bfc062723c751e8b465ee728b)
Start importing Assets/nappin/Office Props Softpack/Models/(Msh)PC.fbx using Guid(18566a61b75973749b7a37b617d7fa4b) Importer(815301076,1909f56bfc062723c751e8b465ee728b)  -> (artifact id: 'ff6e905bdc1665b2de719c2e8b279c8d') in 0.061171 seconds
  Import took 0.068343 seconds .

========================================================================
Received Import Request.
  Time since last request: 0.000441 seconds.
  path: Assets/nappin/Office Props Softpack/Models/(Msh)BookPile4.fbx
  artifactKey: Guid(898aea206a1830c41bd91fa0978f4c35) Importer(815301076,1909f56bfc062723c751e8b465ee728b)
Start importing Assets/nappin/Office Props Softpack/Models/(Msh)BookPile4.fbx using Guid(898aea206a1830c41bd91fa0978f4c35) Importer(815301076,1909f56bfc062723c751e8b465ee728b)  -> (artifact id: '440ce828e44a2a9e236696411de72c4b') in 0.087427 seconds
  Import took 0.095404 seconds .

========================================================================
Received Import Request.
  Time since last request: 0.000388 seconds.
  path: Assets/nappin/Office Props Softpack/Models/(Msh)Drawer3.fbx
  artifactKey: Guid(2a975253b89f03147813702ebc3dfa98) Importer(815301076,1909f56bfc062723c751e8b465ee728b)
Start importing Assets/nappin/Office Props Softpack/Models/(Msh)Drawer3.fbx using Guid(2a975253b89f03147813702ebc3dfa98) Importer(815301076,1909f56bfc062723c751e8b465ee728b)  -> (artifact id: '93dbf34d4862e8885e39b1069fa35924') in 0.066665 seconds
  Import took 0.075358 seconds .

========================================================================
Received Import Request.
  Time since last request: 0.000333 seconds.
  path: Assets/nappin/Office Props Softpack/Models/(Msh)Desk2.fbx
  artifactKey: Guid(e0d31913657846c4e9344974cc7f73dd) Importer(815301076,1909f56bfc062723c751e8b465ee728b)
Start importing Assets/nappin/Office Props Softpack/Models/(Msh)Desk2.fbx using Guid(e0d31913657846c4e9344974cc7f73dd) Importer(815301076,1909f56bfc062723c751e8b465ee728b)  -> (artifact id: '9a376ae2a0cb490e10a01d7ffba57e98') in 0.063598 seconds
  Import took 0.070783 seconds .

========================================================================
Received Import Request.
  Time since last request: 0.000389 seconds.
  path: Assets/nappin/Office Props Softpack/Models/(Msh)PenHolder.fbx
  artifactKey: Guid(3a3cfcf7e16d943438d2bae99ffa6534) Importer(815301076,1909f56bfc062723c751e8b465ee728b)
Start importing Assets/nappin/Office Props Softpack/Models/(Msh)PenHolder.fbx using Guid(3a3cfcf7e16d943438d2bae99ffa6534) Importer(815301076,1909f56bfc062723c751e8b465ee728b)  -> (artifact id: 'c16661b0b2835be6ecfd389e71bfd36d') in 0.066545 seconds
  Import took 0.073255 seconds .

========================================================================
Received Import Request.
  Time since last request: 0.000507 seconds.
  path: Assets/nappin/Office Props Softpack/Models/(Msh)BookPile6.fbx
  artifactKey: Guid(6234a3511ba58734dab033286d60136a) Importer(815301076,1909f56bfc062723c751e8b465ee728b)
Start importing Assets/nappin/Office Props Softpack/Models/(Msh)BookPile6.fbx using Guid(6234a3511ba58734dab033286d60136a) Importer(815301076,1909f56bfc062723c751e8b465ee728b)  -> (artifact id: '4d5d2c4ca4e8603d5c6f15b703481360') in 0.271897 seconds
  Import took 0.279991 seconds .

========================================================================
Received Import Request.
  Time since last request: 0.000407 seconds.
  path: Assets/nappin/Office Props Softpack/Models/(Msh)Clock.fbx
  artifactKey: Guid(538ebcc8575799746881a05c02d1ae04) Importer(815301076,1909f56bfc062723c751e8b465ee728b)
Start importing Assets/nappin/Office Props Softpack/Models/(Msh)Clock.fbx using Guid(538ebcc8575799746881a05c02d1ae04) Importer(815301076,1909f56bfc062723c751e8b465ee728b)  -> (artifact id: '0371e80e33e15ba58dfc31f46f6380d1') in 0.067588 seconds
  Import took 0.077016 seconds .

========================================================================
Received Import Request.
  Time since last request: 0.000449 seconds.
  path: Assets/nappin/Office Props Softpack/Models/(Msh)VendingMachine.fbx
  artifactKey: Guid(7ab63061358801f488d75d9c35dc8b26) Importer(815301076,1909f56bfc062723c751e8b465ee728b)
Start importing Assets/nappin/Office Props Softpack/Models/(Msh)VendingMachine.fbx using Guid(7ab63061358801f488d75d9c35dc8b26) Importer(815301076,1909f56bfc062723c751e8b465ee728b)  -> (artifact id: 'd0d45673601e27280cee356c7b858b5d') in 0.150198 seconds
  Import took 0.157312 seconds .

========================================================================
Received Import Request.
  Time since last request: 0.000891 seconds.
  path: Assets/nappin/Office Props Softpack/Models/(Msh)OfficeChair.fbx
  artifactKey: Guid(bf186ae0c211e3b46b8c3cf9bc7b1d27) Importer(815301076,1909f56bfc062723c751e8b465ee728b)
Start importing Assets/nappin/Office Props Softpack/Models/(Msh)OfficeChair.fbx using Guid(bf186ae0c211e3b46b8c3cf9bc7b1d27) Importer(815301076,1909f56bfc062723c751e8b465ee728b)  -> (artifact id: '20256a6c0f0a77aaef9891536b497e45') in 0.053849 seconds
  Import took 0.062487 seconds .

========================================================================
Received Import Request.
  Time since last request: 0.004912 seconds.
  path: Assets/nappin/Office Props Softpack/Models/(Msh)OfficeChair.fbx
  artifactKey: Guid(bf186ae0c211e3b46b8c3cf9bc7b1d27) Importer(815301076,1909f56bfc062723c751e8b465ee728b)
Start importing Assets/nappin/Office Props Softpack/Models/(Msh)OfficeChair.fbx using Guid(bf186ae0c211e3b46b8c3cf9bc7b1d27) Importer(815301076,1909f56bfc062723c751e8b465ee728b)  -> (artifact id: '20256a6c0f0a77aaef9891536b497e45') in 0.042009 seconds
  Import took 0.052219 seconds .

========================================================================
Received Import Request.
  Time since last request: 131.350448 seconds.
  path: Assets/Scripts/Timer.cs
  artifactKey: Guid(3f62c6a63fa181847bef91c290fdfdb6) Importer(815301076,1909f56bfc062723c751e8b465ee728b)
Start importing Assets/Scripts/Timer.cs using Guid(3f62c6a63fa181847bef91c290fdfdb6) Importer(815301076,1909f56bfc062723c751e8b465ee728b)  -> (artifact id: 'c6443717eb8e236362bf57dde2c80867') in 0.003213 seconds
  Import took 0.011585 seconds .

========================================================================
Received Import Request.
  Time since last request: 31.113695 seconds.
  path: Assets/Scripts/TestTimer.cs
  artifactKey: Guid(1b11d88dd1c0c9e4186c6e0b4b9fc594) Importer(815301076,1909f56bfc062723c751e8b465ee728b)
Start importing Assets/Scripts/TestTimer.cs using Guid(1b11d88dd1c0c9e4186c6e0b4b9fc594) Importer(815301076,1909f56bfc062723c751e8b465ee728b)  -> (artifact id: '17c2ca176c9a02d85453ad52c41c4e01') in 0.016359 seconds
  Import took 0.025136 seconds .

========================================================================
Received Prepare
Registering precompiled user dll's ...
Registered in 0.012289 seconds.
Begin MonoManager ReloadAssembly
Native extension for WindowsStandalone target not found
Refreshing native plugins compatible for Editor in 1.08 ms, found 8 plugins.
Preloading 1 native plugins for Editor in 0.27 ms.
Invoked RoslynAnalysisRunner static constructor.
RoslynAnalysisRunner will not be running.
RoslynAnalysisRunner has terminated.
NullReferenceException: Object reference not set to an instance of an object
  at Unity.XR.Oculus.OculusLoader.AssetPathToAbsolutePath (System.String assetPath) [0x00048] in C:\Projects\ZenScape\ZenScape VR Room\Library\PackageCache\com.unity.xr.oculus@1.8.1\Runtime\OculusLoader.cs:243 
  at Unity.XR.Oculus.OculusLoader.EditorLoadOVRPlugin () [0x0007b] in C:\Projects\ZenScape\ZenScape VR Room\Library\PackageCache\com.unity.xr.oculus@1.8.1\Runtime\OculusLoader.cs:228 

(Filename: Library/PackageCache/com.unity.xr.oculus@1.8.1/Runtime/OculusLoader.cs Line: 243)

Mono: successfully reloaded assembly
- Completed reload, in  2.165 seconds
Platform modules already initialized, skipping
Switching build target platform(5) subTarget(0) extendedPlatform(0) -> platform(13) subTarget(524288) extendedPlatform(0)
Shader 'Universal Render Pipeline/Particles/Lit': fallback shader 'Universal Render Pipeline/Particles/SimpleLit' not found
Refreshing native plugins compatible for Editor in 0.91 ms, found 8 plugins.
Preloading 1 native plugins for Editor in 0.13 ms.
Unloading 2973 Unused Serialized files (Serialized files now loaded: 0)
System memory in use before: 140.8 MB.
System memory in use after: 140.6 MB.

Unloading 20 unused Assets to reduce memory usage. Loaded Objects now: 3620.
Total: 4.849500 ms (FindLiveObjects: 0.424900 ms CreateObjectMapping: 0.277100 ms MarkObjects: 3.835000 ms  DeleteObjects: 0.310600 ms)

AssetImportParameters requested are different than current active one (requested -> active):
  custom:graphics/normal-map-encoding: 01000000000000000000000000000000 -> 02000000000000000000000000000000
========================================================================
Received Prepare
Registering precompiled user dll's ...
Registered in 0.012642 seconds.
Begin MonoManager ReloadAssembly
Native extension for WindowsStandalone target not found
Refreshing native plugins compatible for Editor in 2.47 ms, found 8 plugins.
Preloading 1 native plugins for Editor in 0.33 ms.
Invoked RoslynAnalysisRunner static constructor.
RoslynAnalysisRunner will not be running.
RoslynAnalysisRunner has terminated.
NullReferenceException: Object reference not set to an instance of an object
  at Unity.XR.Oculus.OculusLoader.AssetPathToAbsolutePath (System.String assetPath) [0x00048] in C:\Projects\ZenScape\ZenScape VR Room\Library\PackageCache\com.unity.xr.oculus@1.8.1\Runtime\OculusLoader.cs:243 
  at Unity.XR.Oculus.OculusLoader.EditorLoadOVRPlugin () [0x0007b] in C:\Projects\ZenScape\ZenScape VR Room\Library\PackageCache\com.unity.xr.oculus@1.8.1\Runtime\OculusLoader.cs:228 

(Filename: Library/PackageCache/com.unity.xr.oculus@1.8.1/Runtime/OculusLoader.cs Line: 243)

Mono: successfully reloaded assembly
- Completed reload, in  1.793 seconds
Platform modules already initialized, skipping
Switching build target platform(5) subTarget(0) extendedPlatform(0) -> platform(13) subTarget(524288) extendedPlatform(0)
Shader 'Universal Render Pipeline/Particles/Lit': fallback shader 'Universal Render Pipeline/Particles/SimpleLit' not found
Refreshing native plugins compatible for Editor in 1.26 ms, found 8 plugins.
Preloading 1 native plugins for Editor in 0.21 ms.
Unloading 2973 Unused Serialized files (Serialized files now loaded: 0)
System memory in use before: 140.8 MB.
System memory in use after: 140.7 MB.

Unloading 20 unused Assets to reduce memory usage. Loaded Objects now: 3624.
Total: 4.815800 ms (FindLiveObjects: 0.616500 ms CreateObjectMapping: 0.456400 ms MarkObjects: 3.466000 ms  DeleteObjects: 0.275500 ms)

AssetImportParameters requested are different than current active one (requested -> active):
  custom:graphics/normal-map-encoding: 01000000000000000000000000000000 -> 02000000000000000000000000000000
========================================================================
Received Import Request.
  Time since last request: 317.471553 seconds.
  path: Assets/Scripts/TestTimer.cs
  artifactKey: Guid(1b11d88dd1c0c9e4186c6e0b4b9fc594) Importer(815301076,1909f56bfc062723c751e8b465ee728b)
Start importing Assets/Scripts/TestTimer.cs using Guid(1b11d88dd1c0c9e4186c6e0b4b9fc594) Importer(815301076,1909f56bfc062723c751e8b465ee728b)  -> (artifact id: '451fa4c2c9a076ca99db283436862b2a') in 0.011681 seconds
  Import took 0.020189 seconds .

========================================================================
Received Prepare
Registering precompiled user dll's ...
Registered in 0.011636 seconds.
Begin MonoManager ReloadAssembly
Native extension for WindowsStandalone target not found
Refreshing native plugins compatible for Editor in 1.57 ms, found 8 plugins.
Preloading 1 native plugins for Editor in 0.27 ms.
Invoked RoslynAnalysisRunner static constructor.
RoslynAnalysisRunner will not be running.
RoslynAnalysisRunner has terminated.
NullReferenceException: Object reference not set to an instance of an object
  at Unity.XR.Oculus.OculusLoader.AssetPathToAbsolutePath (System.String assetPath) [0x00048] in C:\Projects\ZenScape\ZenScape VR Room\Library\PackageCache\com.unity.xr.oculus@1.8.1\Runtime\OculusLoader.cs:243 
  at Unity.XR.Oculus.OculusLoader.EditorLoadOVRPlugin () [0x0007b] in C:\Projects\ZenScape\ZenScape VR Room\Library\PackageCache\com.unity.xr.oculus@1.8.1\Runtime\OculusLoader.cs:228 

(Filename: Library/PackageCache/com.unity.xr.oculus@1.8.1/Runtime/OculusLoader.cs Line: 243)

Mono: successfully reloaded assembly
- Completed reload, in  2.162 seconds
Platform modules already initialized, skipping
Switching build target platform(5) subTarget(0) extendedPlatform(0) -> platform(13) subTarget(524288) extendedPlatform(0)
Shader 'Universal Render Pipeline/Particles/Lit': fallback shader 'Universal Render Pipeline/Particles/SimpleLit' not found
Refreshing native plugins compatible for Editor in 1.63 ms, found 8 plugins.
Preloading 1 native plugins for Editor in 0.20 ms.
Unloading 2972 Unused Serialized files (Serialized files now loaded: 0)
System memory in use before: 140.8 MB.
System memory in use after: 140.6 MB.

Unloading 21 unused Assets to reduce memory usage. Loaded Objects now: 3627.
Total: 3.913000 ms (FindLiveObjects: 0.461600 ms CreateObjectMapping: 0.285000 ms MarkObjects: 2.759400 ms  DeleteObjects: 0.403800 ms)

AssetImportParameters requested are different than current active one (requested -> active):
  custom:graphics/normal-map-encoding: 01000000000000000000000000000000 -> 02000000000000000000000000000000
========================================================================
Received Prepare
Registering precompiled user dll's ...
Registered in 0.009782 seconds.
Begin MonoManager ReloadAssembly
Native extension for WindowsStandalone target not found
Refreshing native plugins compatible for Editor in 2.06 ms, found 8 plugins.
Preloading 1 native plugins for Editor in 0.15 ms.
Invoked RoslynAnalysisRunner static constructor.
RoslynAnalysisRunner will not be running.
RoslynAnalysisRunner has terminated.
NullReferenceException: Object reference not set to an instance of an object
  at Unity.XR.Oculus.OculusLoader.AssetPathToAbsolutePath (System.String assetPath) [0x00048] in C:\Projects\ZenScape\ZenScape VR Room\Library\PackageCache\com.unity.xr.oculus@1.8.1\Runtime\OculusLoader.cs:243 
  at Unity.XR.Oculus.OculusLoader.EditorLoadOVRPlugin () [0x0007b] in C:\Projects\ZenScape\ZenScape VR Room\Library\PackageCache\com.unity.xr.oculus@1.8.1\Runtime\OculusLoader.cs:228 

(Filename: Library/PackageCache/com.unity.xr.oculus@1.8.1/Runtime/OculusLoader.cs Line: 243)

Mono: successfully reloaded assembly
- Completed reload, in  2.006 seconds
Platform modules already initialized, skipping
Switching build target platform(5) subTarget(0) extendedPlatform(0) -> platform(13) subTarget(524288) extendedPlatform(0)
Shader 'Universal Render Pipeline/Particles/Lit': fallback shader 'Universal Render Pipeline/Particles/SimpleLit' not found
Refreshing native plugins compatible for Editor in 1.02 ms, found 8 plugins.
Preloading 1 native plugins for Editor in 0.13 ms.
Unloading 2972 Unused Serialized files (Serialized files now loaded: 0)
System memory in use before: 140.8 MB.
System memory in use after: 140.7 MB.

Unloading 20 unused Assets to reduce memory usage. Loaded Objects now: 3631.
Total: 4.533900 ms (FindLiveObjects: 0.429300 ms CreateObjectMapping: 0.333500 ms MarkObjects: 3.453800 ms  DeleteObjects: 0.315500 ms)

AssetImportParameters requested are different than current active one (requested -> active):
  custom:graphics/normal-map-encoding: 01000000000000000000000000000000 -> 02000000000000000000000000000000
========================================================================
Received Prepare
Registering precompiled user dll's ...
Registered in 0.011624 seconds.
Begin MonoManager ReloadAssembly
Native extension for WindowsStandalone target not found
Refreshing native plugins compatible for Editor in 0.95 ms, found 8 plugins.
Preloading 1 native plugins for Editor in 0.15 ms.
Invoked RoslynAnalysisRunner static constructor.
RoslynAnalysisRunner will not be running.
RoslynAnalysisRunner has terminated.
NullReferenceException: Object reference not set to an instance of an object
  at Unity.XR.Oculus.OculusLoader.AssetPathToAbsolutePath (System.String assetPath) [0x00048] in C:\Projects\ZenScape\ZenScape VR Room\Library\PackageCache\com.unity.xr.oculus@1.8.1\Runtime\OculusLoader.cs:243 
  at Unity.XR.Oculus.OculusLoader.EditorLoadOVRPlugin () [0x0007b] in C:\Projects\ZenScape\ZenScape VR Room\Library\PackageCache\com.unity.xr.oculus@1.8.1\Runtime\OculusLoader.cs:228 

(Filename: Library/PackageCache/com.unity.xr.oculus@1.8.1/Runtime/OculusLoader.cs Line: 243)

Mono: successfully reloaded assembly
- Completed reload, in  1.735 seconds
Platform modules already initialized, skipping
Switching build target platform(5) subTarget(0) extendedPlatform(0) -> platform(13) subTarget(524288) extendedPlatform(0)
Shader 'Universal Render Pipeline/Particles/Lit': fallback shader 'Universal Render Pipeline/Particles/SimpleLit' not found
Refreshing native plugins compatible for Editor in 1.32 ms, found 8 plugins.
Preloading 1 native plugins for Editor in 0.27 ms.
Unloading 2972 Unused Serialized files (Serialized files now loaded: 0)
System memory in use before: 140.8 MB.
System memory in use after: 140.7 MB.

Unloading 20 unused Assets to reduce memory usage. Loaded Objects now: 3635.
Total: 5.380800 ms (FindLiveObjects: 0.946000 ms CreateObjectMapping: 0.588500 ms MarkObjects: 3.319600 ms  DeleteObjects: 0.524800 ms)

AssetImportParameters requested are different than current active one (requested -> active):
  custom:graphics/normal-map-encoding: 01000000000000000000000000000000 -> 02000000000000000000000000000000
========================================================================
Received Import Request.
  Time since last request: 49.912283 seconds.
  path: Assets/Scripts/Timer.cs
  artifactKey: Guid(3f62c6a63fa181847bef91c290fdfdb6) Importer(815301076,1909f56bfc062723c751e8b465ee728b)
Start importing Assets/Scripts/Timer.cs using Guid(3f62c6a63fa181847bef91c290fdfdb6) Importer(815301076,1909f56bfc062723c751e8b465ee728b)  -> (artifact id: '0db4a8809463c4dbd84e93552b3ca570') in 0.010833 seconds
  Import took 0.019701 seconds .

========================================================================
Received Import Request.
  Time since last request: 9.010125 seconds.
  path: Assets/Scripts/ZenscapeTimer.cs
  artifactKey: Guid(3f62c6a63fa181847bef91c290fdfdb6) Importer(815301076,1909f56bfc062723c751e8b465ee728b)
Start importing Assets/Scripts/ZenscapeTimer.cs using Guid(3f62c6a63fa181847bef91c290fdfdb6) Importer(815301076,1909f56bfc062723c751e8b465ee728b)  -> (artifact id: 'ff3432108d00b41c47abbf9d0d8c701a') in 0.026930 seconds
  Import took 0.037979 seconds .

========================================================================
Received Prepare
Registering precompiled user dll's ...
Registered in 0.010851 seconds.
Begin MonoManager ReloadAssembly
Native extension for WindowsStandalone target not found
Refreshing native plugins compatible for Editor in 1.22 ms, found 8 plugins.
Preloading 1 native plugins for Editor in 0.14 ms.
Invoked RoslynAnalysisRunner static constructor.
RoslynAnalysisRunner will not be running.
RoslynAnalysisRunner has terminated.
NullReferenceException: Object reference not set to an instance of an object
  at Unity.XR.Oculus.OculusLoader.AssetPathToAbsolutePath (System.String assetPath) [0x00048] in C:\Projects\ZenScape\ZenScape VR Room\Library\PackageCache\com.unity.xr.oculus@1.8.1\Runtime\OculusLoader.cs:243 
  at Unity.XR.Oculus.OculusLoader.EditorLoadOVRPlugin () [0x0007b] in C:\Projects\ZenScape\ZenScape VR Room\Library\PackageCache\com.unity.xr.oculus@1.8.1\Runtime\OculusLoader.cs:228 

(Filename: Library/PackageCache/com.unity.xr.oculus@1.8.1/Runtime/OculusLoader.cs Line: 243)

Mono: successfully reloaded assembly
- Completed reload, in  2.042 seconds
Platform modules already initialized, skipping
Switching build target platform(5) subTarget(0) extendedPlatform(0) -> platform(13) subTarget(524288) extendedPlatform(0)
Shader 'Universal Render Pipeline/Particles/Lit': fallback shader 'Universal Render Pipeline/Particles/SimpleLit' not found
Refreshing native plugins compatible for Editor in 1.29 ms, found 8 plugins.
Preloading 1 native plugins for Editor in 0.21 ms.
Unloading 2972 Unused Serialized files (Serialized files now loaded: 0)
System memory in use before: 140.8 MB.
System memory in use after: 140.7 MB.

Unloading 20 unused Assets to reduce memory usage. Loaded Objects now: 3639.
Total: 3.943400 ms (FindLiveObjects: 0.425100 ms CreateObjectMapping: 0.259500 ms MarkObjects: 2.977800 ms  DeleteObjects: 0.279300 ms)

AssetImportParameters requested are different than current active one (requested -> active):
  custom:graphics/normal-map-encoding: 01000000000000000000000000000000 -> 02000000000000000000000000000000
========================================================================
Received Prepare
Registering precompiled user dll's ...
Registered in 0.013520 seconds.
Begin MonoManager ReloadAssembly
Native extension for WindowsStandalone target not found
Refreshing native plugins compatible for Editor in 0.96 ms, found 8 plugins.
Preloading 1 native plugins for Editor in 0.13 ms.
Invoked RoslynAnalysisRunner static constructor.
RoslynAnalysisRunner will not be running.
RoslynAnalysisRunner has terminated.
NullReferenceException: Object reference not set to an instance of an object
  at Unity.XR.Oculus.OculusLoader.AssetPathToAbsolutePath (System.String assetPath) [0x00048] in C:\Projects\ZenScape\ZenScape VR Room\Library\PackageCache\com.unity.xr.oculus@1.8.1\Runtime\OculusLoader.cs:243 
  at Unity.XR.Oculus.OculusLoader.EditorLoadOVRPlugin () [0x0007b] in C:\Projects\ZenScape\ZenScape VR Room\Library\PackageCache\com.unity.xr.oculus@1.8.1\Runtime\OculusLoader.cs:228 

(Filename: Library/PackageCache/com.unity.xr.oculus@1.8.1/Runtime/OculusLoader.cs Line: 243)

Mono: successfully reloaded assembly
- Completed reload, in  1.866 seconds
Platform modules already initialized, skipping
Switching build target platform(5) subTarget(0) extendedPlatform(0) -> platform(13) subTarget(524288) extendedPlatform(0)
Shader 'Universal Render Pipeline/Particles/Lit': fallback shader 'Universal Render Pipeline/Particles/SimpleLit' not found
Refreshing native plugins compatible for Editor in 1.03 ms, found 8 plugins.
Preloading 1 native plugins for Editor in 0.14 ms.
Unloading 2972 Unused Serialized files (Serialized files now loaded: 0)
System memory in use before: 140.9 MB.
System memory in use after: 140.7 MB.

Unloading 20 unused Assets to reduce memory usage. Loaded Objects now: 3643.
Total: 5.723400 ms (FindLiveObjects: 1.461300 ms CreateObjectMapping: 0.465200 ms MarkObjects: 3.415600 ms  DeleteObjects: 0.376100 ms)

AssetImportParameters requested are different than current active one (requested -> active):
  custom:graphics/normal-map-encoding: 01000000000000000000000000000000 -> 02000000000000000000000000000000
========================================================================
Received Import Request.
  Time since last request: 243.181075 seconds.
  path: Assets/nappin/Office Props Softpack/Materials/(Mat)MetallicBlack.mat
  artifactKey: Guid(31e87d42f3ffa2546b1f527e7a0a4b9d) Importer(815301076,1909f56bfc062723c751e8b465ee728b)
Start importing Assets/nappin/Office Props Softpack/Materials/(Mat)MetallicBlack.mat using Guid(31e87d42f3ffa2546b1f527e7a0a4b9d) Importer(815301076,1909f56bfc062723c751e8b465ee728b)  -> (artifact id: 'e00d1cb1624b2cedf0284316c4da2125') in 0.329394 seconds
  Import took 0.339752 seconds .

========================================================================
Received Import Request.
  Time since last request: 0.000473 seconds.
  path: Assets/nappin/Office Props Softpack/Materials/(Mat)GradientBeige.mat
  artifactKey: Guid(eb0f168ce60c9424896bd8c33ac3f2c9) Importer(815301076,1909f56bfc062723c751e8b465ee728b)
Start importing Assets/nappin/Office Props Softpack/Materials/(Mat)GradientBeige.mat using Guid(eb0f168ce60c9424896bd8c33ac3f2c9) Importer(815301076,1909f56bfc062723c751e8b465ee728b)  -> (artifact id: '871b79554d01b5cc9ddfa9e1d4b09f23') in 0.078026 seconds
  Import took 0.086113 seconds .

========================================================================
Received Import Request.
  Time since last request: 0.000443 seconds.
  path: Assets/nappin/Office Props Softpack/Materials/(Mat)GradientBlack.mat
  artifactKey: Guid(7f64eac4bd640ef44ae0187dbfcb4089) Importer(815301076,1909f56bfc062723c751e8b465ee728b)
Start importing Assets/nappin/Office Props Softpack/Materials/(Mat)GradientBlack.mat using Guid(7f64eac4bd640ef44ae0187dbfcb4089) Importer(815301076,1909f56bfc062723c751e8b465ee728b)  -> (artifact id: '6bb9a2e1c9ddee24ddf98e498e079502') in 0.045573 seconds
  Import took 0.053003 seconds .

========================================================================
Received Import Request.
  Time since last request: 0.000373 seconds.
  path: Assets/nappin/Office Props Softpack/Materials/(Mat)GradientYellow.mat
  artifactKey: Guid(e03c61940200c9b428ea54b9134ba0a7) Importer(815301076,1909f56bfc062723c751e8b465ee728b)
Start importing Assets/nappin/Office Props Softpack/Materials/(Mat)GradientYellow.mat using Guid(e03c61940200c9b428ea54b9134ba0a7) Importer(815301076,1909f56bfc062723c751e8b465ee728b)  -> (artifact id: '9028f41a17267e8a42b6807c2845d17a') in 0.043327 seconds
  Import took 0.049608 seconds .

========================================================================
Received Import Request.
  Time since last request: 0.000250 seconds.
  path: Assets/nappin/Office Props Softpack/Materials/(Mat)Skybox.mat
  artifactKey: Guid(f5b880b2bccf7364cbc645f81894becd) Importer(815301076,1909f56bfc062723c751e8b465ee728b)
Start importing Assets/nappin/Office Props Softpack/Materials/(Mat)Skybox.mat using Guid(f5b880b2bccf7364cbc645f81894becd) Importer(815301076,1909f56bfc062723c751e8b465ee728b)  -> (artifact id: 'fc075f8824568439e6fde05e35004afc') in 0.153948 seconds
  Import took 0.160928 seconds .

========================================================================
Received Import Request.
  Time since last request: 0.000323 seconds.
  path: Assets/nappin/Office Props Softpack/Materials/(Mat)GradientDarkGrey.mat
  artifactKey: Guid(eecaa3198cbebd74e8cd79d0f71765cc) Importer(815301076,1909f56bfc062723c751e8b465ee728b)
Start importing Assets/nappin/Office Props Softpack/Materials/(Mat)GradientDarkGrey.mat using Guid(eecaa3198cbebd74e8cd79d0f71765cc) Importer(815301076,1909f56bfc062723c751e8b465ee728b)  -> (artifact id: 'f29a2c091a9801a867bff51529f0b70f') in 0.036981 seconds
  Import took 0.051678 seconds .

========================================================================
Received Import Request.
  Time since last request: 0.000596 seconds.
  path: Assets/nappin/Office Props Softpack/Materials/(Mat)GradientDarkGreen.mat
  artifactKey: Guid(95d691d1ae476e049b3ca1db2f7b4c0d) Importer(815301076,1909f56bfc062723c751e8b465ee728b)
Start importing Assets/nappin/Office Props Softpack/Materials/(Mat)GradientDarkGreen.mat using Guid(95d691d1ae476e049b3ca1db2f7b4c0d) Importer(815301076,1909f56bfc062723c751e8b465ee728b)  -> (artifact id: '6b1903f4b7d48c10117c783cc0e48735') in 0.039661 seconds
  Import took 0.048421 seconds .

========================================================================
Received Import Request.
  Time since last request: 0.000395 seconds.
  path: Assets/nappin/Office Props Softpack/Materials/(Mat)EmissiveWarm.mat
  artifactKey: Guid(ad2591d1028f32d4a8bae13135f480f7) Importer(815301076,1909f56bfc062723c751e8b465ee728b)
Start importing Assets/nappin/Office Props Softpack/Materials/(Mat)EmissiveWarm.mat using Guid(ad2591d1028f32d4a8bae13135f480f7) Importer(815301076,1909f56bfc062723c751e8b465ee728b)  -> (artifact id: 'a325cd0ab80983780a6e5c9d737e6042') in 0.028177 seconds
  Import took 0.037395 seconds .

========================================================================
Received Import Request.
  Time since last request: 0.000297 seconds.
  path: Assets/nappin/Office Props Softpack/Materials/(Mat)GradientGrey.mat
  artifactKey: Guid(3441f6441092d3c459a48c3c48ea63c6) Importer(815301076,1909f56bfc062723c751e8b465ee728b)
Start importing Assets/nappin/Office Props Softpack/Materials/(Mat)GradientGrey.mat using Guid(3441f6441092d3c459a48c3c48ea63c6) Importer(815301076,1909f56bfc062723c751e8b465ee728b)  -> (artifact id: 'c17f1b5c48416c2ffdc9fce16216618c') in 0.040705 seconds
  Import took 0.048754 seconds .

========================================================================
Received Import Request.
  Time since last request: 0.000305 seconds.
  path: Assets/Scripts/ZenscapeTimer.cs
  artifactKey: Guid(3f62c6a63fa181847bef91c290fdfdb6) Importer(815301076,1909f56bfc062723c751e8b465ee728b)
Start importing Assets/Scripts/ZenscapeTimer.cs using Guid(3f62c6a63fa181847bef91c290fdfdb6) Importer(815301076,1909f56bfc062723c751e8b465ee728b)  -> (artifact id: '16412bfaaa7b8d42762a3d0a648cd26b') in 0.011448 seconds
  Import took 0.020454 seconds .

========================================================================
Received Import Request.
  Time since last request: 0.000357 seconds.
  path: Assets/nappin/Office Props Softpack/Materials/(Mat)GradientBrown.mat
  artifactKey: Guid(c0999236ab32ad94fb08c06e6694fa49) Importer(815301076,1909f56bfc062723c751e8b465ee728b)
Start importing Assets/nappin/Office Props Softpack/Materials/(Mat)GradientBrown.mat using Guid(c0999236ab32ad94fb08c06e6694fa49) Importer(815301076,1909f56bfc062723c751e8b465ee728b)  -> (artifact id: '6a426f0f335fb4166919a6d1dad9bdef') in 0.046077 seconds
  Import took 0.058561 seconds .

========================================================================
Received Import Request.
  Time since last request: 0.000270 seconds.
  path: Assets/nappin/Office Props Softpack/Materials/(Mat)GradientDarkRed.mat
  artifactKey: Guid(11ed21415b661da499e94e4e9e5c47f4) Importer(815301076,1909f56bfc062723c751e8b465ee728b)
Start importing Assets/nappin/Office Props Softpack/Materials/(Mat)GradientDarkRed.mat using Guid(11ed21415b661da499e94e4e9e5c47f4) Importer(815301076,1909f56bfc062723c751e8b465ee728b)  -> (artifact id: 'c88b9e28af0194a750b143332b359731') in 0.038071 seconds
  Import took 0.046862 seconds .

========================================================================
Received Import Request.
  Time since last request: 0.000359 seconds.
  path: Assets/nappin/Office Props Softpack/Materials/(Mat)Glass.mat
  artifactKey: Guid(a3a530523bec0cc41aed4f3a4d9da936) Importer(815301076,1909f56bfc062723c751e8b465ee728b)
Start importing Assets/nappin/Office Props Softpack/Materials/(Mat)Glass.mat using Guid(a3a530523bec0cc41aed4f3a4d9da936) Importer(815301076,1909f56bfc062723c751e8b465ee728b)  -> (artifact id: '3ef75a89f6e6c08663a73f84d14e5e91') in 0.087552 seconds
  Import took 0.097448 seconds .

========================================================================
Received Import Request.
  Time since last request: 0.000370 seconds.
  path: Assets/nappin/Office Props Softpack/Materials/(Mat)GradientRed.mat
  artifactKey: Guid(fac6997ebfb39364db1173ae4a1c49e6) Importer(815301076,1909f56bfc062723c751e8b465ee728b)
Start importing Assets/nappin/Office Props Softpack/Materials/(Mat)GradientRed.mat using Guid(fac6997ebfb39364db1173ae4a1c49e6) Importer(815301076,1909f56bfc062723c751e8b465ee728b)  -> (artifact id: '7e8684d42a129c1c2a738c3d3323d4c6') in 0.041894 seconds
  Import took 0.051523 seconds .

========================================================================
Received Import Request.
  Time since last request: 0.000340 seconds.
  path: Assets/nappin/Office Props Softpack/Materials/(Mat)GradientGreen.mat
  artifactKey: Guid(e3681f2feac05f94888039c51ba9b321) Importer(815301076,1909f56bfc062723c751e8b465ee728b)
Start importing Assets/nappin/Office Props Softpack/Materials/(Mat)GradientGreen.mat using Guid(e3681f2feac05f94888039c51ba9b321) Importer(815301076,1909f56bfc062723c751e8b465ee728b)  -> (artifact id: 'bc287bd6743c6436096d267cb933e203') in 0.036412 seconds
  Import took 0.046715 seconds .

========================================================================
Received Import Request.
  Time since last request: 0.000290 seconds.
  path: Assets/nappin/Office Props Softpack/Materials/(Mat)Floor.mat
  artifactKey: Guid(d06cbe6bddb870d438765bf1f774411d) Importer(815301076,1909f56bfc062723c751e8b465ee728b)
Start importing Assets/nappin/Office Props Softpack/Materials/(Mat)Floor.mat using Guid(d06cbe6bddb870d438765bf1f774411d) Importer(815301076,1909f56bfc062723c751e8b465ee728b)  -> (artifact id: '941f86ee4ef4955b97c32598c9f8b19c') in 0.027764 seconds
  Import took 0.037120 seconds .

========================================================================
Received Import Request.
  Time since last request: 0.000288 seconds.
  path: Assets/nappin/Office Props Softpack/Materials/(Mat)GradientOrange.mat
  artifactKey: Guid(fb698345bbbc4d74ba2ca7b2bb59eb9d) Importer(815301076,1909f56bfc062723c751e8b465ee728b)
Start importing Assets/nappin/Office Props Softpack/Materials/(Mat)GradientOrange.mat using Guid(fb698345bbbc4d74ba2ca7b2bb59eb9d) Importer(815301076,1909f56bfc062723c751e8b465ee728b)  -> (artifact id: '3e32143ffb6bb65c2f73a557661497c3') in 0.044319 seconds
  Import took 0.052478 seconds .

========================================================================
Received Import Request.
  Time since last request: 0.000446 seconds.
  path: Assets/nappin/Office Props Softpack/Materials/(Mat)GradientDarkBrown.mat
  artifactKey: Guid(5f00a35557dee5b499cf97dda42339c0) Importer(815301076,1909f56bfc062723c751e8b465ee728b)
Start importing Assets/nappin/Office Props Softpack/Materials/(Mat)GradientDarkBrown.mat using Guid(5f00a35557dee5b499cf97dda42339c0) Importer(815301076,1909f56bfc062723c751e8b465ee728b)  -> (artifact id: '6a8486e56367a7a39a35ec82b57f387d') in 0.039666 seconds
  Import took 0.047505 seconds .

========================================================================
Received Import Request.
  Time since last request: 0.000264 seconds.
  path: Assets/nappin/Office Props Softpack/Materials/(Mat)GradientBlue.mat
  artifactKey: Guid(35261150e5398c0439d6fd7481f62b62) Importer(815301076,1909f56bfc062723c751e8b465ee728b)
Start importing Assets/nappin/Office Props Softpack/Materials/(Mat)GradientBlue.mat using Guid(35261150e5398c0439d6fd7481f62b62) Importer(815301076,1909f56bfc062723c751e8b465ee728b)  -> (artifact id: '0f28fec5f547674ab68ec36c426da6b5') in 0.037652 seconds
  Import took 0.046229 seconds .

========================================================================
Received Prepare
Registering precompiled user dll's ...
Registered in 0.011835 seconds.
Begin MonoManager ReloadAssembly
Native extension for WindowsStandalone target not found
Refreshing native plugins compatible for Editor in 1.21 ms, found 8 plugins.
Preloading 1 native plugins for Editor in 0.17 ms.
Invoked RoslynAnalysisRunner static constructor.
RoslynAnalysisRunner will not be running.
RoslynAnalysisRunner has terminated.
NullReferenceException: Object reference not set to an instance of an object
  at Unity.XR.Oculus.OculusLoader.AssetPathToAbsolutePath (System.String assetPath) [0x00048] in C:\Projects\ZenScape\ZenScape VR Room\Library\PackageCache\com.unity.xr.oculus@1.8.1\Runtime\OculusLoader.cs:243 
  at Unity.XR.Oculus.OculusLoader.EditorLoadOVRPlugin () [0x0007b] in C:\Projects\ZenScape\ZenScape VR Room\Library\PackageCache\com.unity.xr.oculus@1.8.1\Runtime\OculusLoader.cs:228 

(Filename: Library/PackageCache/com.unity.xr.oculus@1.8.1/Runtime/OculusLoader.cs Line: 243)

Mono: successfully reloaded assembly
- Completed reload, in  1.833 seconds
Platform modules already initialized, skipping
Switching build target platform(5) subTarget(0) extendedPlatform(0) -> platform(13) subTarget(524288) extendedPlatform(0)
Shader 'Universal Render Pipeline/Particles/Lit': fallback shader 'Universal Render Pipeline/Particles/SimpleLit' not found
Refreshing native plugins compatible for Editor in 1.80 ms, found 8 plugins.
Preloading 1 native plugins for Editor in 0.17 ms.
Unloading 2972 Unused Serialized files (Serialized files now loaded: 0)
System memory in use before: 141.4 MB.
System memory in use after: 141.3 MB.

Unloading 20 unused Assets to reduce memory usage. Loaded Objects now: 3716.
Total: 5.108100 ms (FindLiveObjects: 1.088400 ms CreateObjectMapping: 0.401400 ms MarkObjects: 3.266200 ms  DeleteObjects: 0.350500 ms)

AssetImportParameters requested are different than current active one (requested -> active):
  custom:graphics/normal-map-encoding: 01000000000000000000000000000000 -> 02000000000000000000000000000000
========================================================================
Received Prepare
Registering precompiled user dll's ...
Registered in 0.009562 seconds.
Begin MonoManager ReloadAssembly
Native extension for WindowsStandalone target not found
Refreshing native plugins compatible for Editor in 1.26 ms, found 8 plugins.
Preloading 1 native plugins for Editor in 0.18 ms.
Invoked RoslynAnalysisRunner static constructor.
RoslynAnalysisRunner will not be running.
RoslynAnalysisRunner has terminated.
NullReferenceException: Object reference not set to an instance of an object
  at Unity.XR.Oculus.OculusLoader.AssetPathToAbsolutePath (System.String assetPath) [0x00048] in C:\Projects\ZenScape\ZenScape VR Room\Library\PackageCache\com.unity.xr.oculus@1.8.1\Runtime\OculusLoader.cs:243 
  at Unity.XR.Oculus.OculusLoader.EditorLoadOVRPlugin () [0x0007b] in C:\Projects\ZenScape\ZenScape VR Room\Library\PackageCache\com.unity.xr.oculus@1.8.1\Runtime\OculusLoader.cs:228 

(Filename: Library/PackageCache/com.unity.xr.oculus@1.8.1/Runtime/OculusLoader.cs Line: 243)

Mono: successfully reloaded assembly
- Completed reload, in  1.669 seconds
Platform modules already initialized, skipping
Switching build target platform(5) subTarget(0) extendedPlatform(0) -> platform(13) subTarget(524288) extendedPlatform(0)
Shader 'Universal Render Pipeline/Particles/Lit': fallback shader 'Universal Render Pipeline/Particles/SimpleLit' not found
Refreshing native plugins compatible for Editor in 1.14 ms, found 8 plugins.
Preloading 1 native plugins for Editor in 0.15 ms.
Unloading 2972 Unused Serialized files (Serialized files now loaded: 0)
System memory in use before: 141.4 MB.
System memory in use after: 141.3 MB.

Unloading 20 unused Assets to reduce memory usage. Loaded Objects now: 3720.
Total: 4.138300 ms (FindLiveObjects: 0.552700 ms CreateObjectMapping: 0.362000 ms MarkObjects: 2.816400 ms  DeleteObjects: 0.405400 ms)

AssetImportParameters requested are different than current active one (requested -> active):
  custom:graphics/normal-map-encoding: 01000000000000000000000000000000 -> 02000000000000000000000000000000
AssetImportWorkerClient::OnTransportError - code=2 error=End of file
