
=== Wed Mar 27 12:01:08 2024

Packages were changed.
Update Mode: updateDependencies

The following packages were updated:
  com.unity.collab-proxy from version 1.3.9 to 2.0.4
  com.unity.ide.rider from version 2.0.7 to 3.0.21
  com.unity.ide.visualstudio from version 2.0.7 to 2.0.18
  com.unity.ide.vscode from version 1.2.3 to 1.2.5
  com.unity.render-pipelines.universal from version 10.3.2 to 10.10.1
  com.unity.test-framework from version 1.1.24 to 1.1.33
  com.unity.textmeshpro from version 3.0.4 to 3.0.6
  com.unity.timeline from version 1.4.7 to 1.4.8
  com.unity.xr.arcore from version 4.0.12 to 4.1.13
  com.unity.xr.oculus from version 1.8.1 to 1.13.1
  com.unity.xr.openxr from version 1.0.3 to 1.7.0

=== Wed Mar 27 12:29:47 2024

Packages were changed.
Update Mode: updateDependencies

The following packages were updated:
  com.unity.render-pipelines.universal from version 10.10.1 to 12.1.10
  com.unity.timeline from version 1.4.8 to 1.6.4
  com.unity.xr.arcore from version 4.1.13 to 4.2.7
  com.unity.xr.interaction.toolkit from version 1.0.0-pre.3 to 2.2.0
  com.unity.xr.management from version 4.0.1 to 4.2.0
  com.unity.xr.oculus from version 1.13.1 to 3.2.2
